#
# There is insufficient memory for the Java Runtime Environment to continue.
# Native memory allocation (malloc) failed to allocate 2248640 bytes for Chunk::new
# Possible reasons:
#   The system is out of physical RAM or swap space
#   The process is running with CompressedOops enabled, and the Java Heap may be blocking the growth of the native heap
# Possible solutions:
#   Reduce memory load on the system
#   Increase physical memory or swap space
#   Check if swap backing store is full
#   Decrease Java heap size (-Xmx/-Xms)
#   Decrease number of Java threads
#   Decrease Java thread stack sizes (-Xss)
#   Set larger code cache with -XX:ReservedCodeCacheSize=
#   JVM is running with Unscaled Compressed Oops mode in which the Java heap is
#     placed in the first 4GB address space. The Java Heap base address is the
#     maximum limit for the native heap growth. Please use -XX:HeapBaseMinAddress
#     to set the Java Heap base and to place the Java Heap above 4GB virtual address.
# This output file may be truncated or incomplete.
#
#  Out of Memory Error (allocation.cpp:389), pid=13360, tid=0x00000000000032f4
#
# JRE version: Java(TM) SE Runtime Environment (8.0_291-b10) (build 1.8.0_291-b10)
# Java VM: Java HotSpot(TM) 64-Bit Server VM (25.291-b10 mixed mode windows-amd64 compressed oops)
# Failed to write core dump. Minidumps are not enabled by default on client versions of Windows
#

---------------  T H R E A D  ---------------

Current thread (0x000001ff53aeb000):  JavaThread "C2 CompilerThread0" daemon [_thread_in_native, id=13044, stack(0x0000000467d00000,0x0000000467e00000)]

Stack: [0x0000000467d00000,0x0000000467e00000]
Native frames: (J=compiled Java code, j=interpreted, Vv=VM code, C=native code)
V  [jvm.dll+0x32ea19]
V  [jvm.dll+0x275462]
V  [jvm.dll+0x27610d]
V  [jvm.dll+0x26cb45]
V  [jvm.dll+0xd524c]
V  [jvm.dll+0xd5a4c]
V  [jvm.dll+0x46fd95]
V  [jvm.dll+0x437a08]
V  [jvm.dll+0x440855]
V  [jvm.dll+0x43fc15]
V  [jvm.dll+0x42aa57]
V  [jvm.dll+0xabeeb]
V  [jvm.dll+0xaa54b]
V  [jvm.dll+0x23db02]
V  [jvm.dll+0x29210c]
C  [ucrtbase.dll+0x210b2]
C  [KERNEL32.DLL+0x17c24]
C  [ntdll.dll+0x6d721]


Current CompileTask:
C2:  10690 6900   !   4       org.springframework.core.annotation.AnnotationsScanner::processClassHierarchy (227 bytes)


---------------  P R O C E S S  ---------------

Java Threads: ( => current thread )
  0x000001ff5ac0d000 JavaThread "DestroyJavaVM" [_thread_blocked, id=11728, stack(0x0000000466e00000,0x0000000466f00000)]
  0x000001ff5ac0c800 JavaThread "http-nio-8080-Acceptor" daemon [_thread_in_native, id=1512, stack(0x0000000468e00000,0x0000000468f00000)]
  0x000001ff5ac0b000 JavaThread "http-nio-8080-Poller" daemon [_thread_in_native, id=18244, stack(0x0000000468c00000,0x0000000468d00000)]
  0x000001ff5ac08000 JavaThread "Live Reload Server" daemon [_thread_in_native, id=46552, stack(0x0000000468d00000,0x0000000468e00000)]
  0x000001ff5ac06800 JavaThread "File Watcher" daemon [_thread_blocked, id=35792, stack(0x0000000468b00000,0x0000000468c00000)]
  0x000001ff5ac0b800 JavaThread "HikariPool-1 connection adder" daemon [_thread_blocked, id=23796, stack(0x0000000468a00000,0x0000000468b00000)]
  0x000001ff5ac08800 JavaThread "HikariPool-1 housekeeper" daemon [_thread_blocked, id=35276, stack(0x0000000468900000,0x0000000468a00000)]
  0x000001ff58552000 JavaThread "container-0" [_thread_blocked, id=27700, stack(0x0000000468700000,0x0000000468800000)]
  0x000001ff57a97800 JavaThread "Catalina-utility-2" [_thread_blocked, id=19292, stack(0x0000000468600000,0x0000000468700000)]
  0x000001ff594e6000 JavaThread "Catalina-utility-1" [_thread_blocked, id=51072, stack(0x0000000468500000,0x0000000468600000)]
  0x000001ff53bb3000 JavaThread "Service Thread" daemon [_thread_blocked, id=49356, stack(0x0000000468100000,0x0000000468200000)]
  0x000001ff53b14000 JavaThread "C1 CompilerThread3" daemon [_thread_blocked, id=41384, stack(0x0000000468000000,0x0000000468100000)]
  0x000001ff53aec800 JavaThread "C2 CompilerThread2" daemon [_thread_in_native, id=24436, stack(0x0000000467f00000,0x0000000468000000)]
  0x000001ff53aeb800 JavaThread "C2 CompilerThread1" daemon [_thread_in_native, id=27748, stack(0x0000000467e00000,0x0000000467f00000)]
=>0x000001ff53aeb000 JavaThread "C2 CompilerThread0" daemon [_thread_in_native, id=13044, stack(0x0000000467d00000,0x0000000467e00000)]
  0x000001ff53ae7800 JavaThread "Monitor Ctrl-Break" daemon [_thread_in_native, id=46972, stack(0x0000000467c00000,0x0000000467d00000)]
  0x000001ff5195e800 JavaThread "Attach Listener" daemon [_thread_blocked, id=27484, stack(0x0000000467b00000,0x0000000467c00000)]
  0x000001ff5195c800 JavaThread "Signal Dispatcher" daemon [_thread_blocked, id=28152, stack(0x0000000467a00000,0x0000000467b00000)]
  0x000001ff51938000 JavaThread "Finalizer" daemon [_thread_blocked, id=40260, stack(0x0000000467900000,0x0000000467a00000)]
  0x000001ff51930800 JavaThread "Reference Handler" daemon [_thread_blocked, id=38564, stack(0x0000000467800000,0x0000000467900000)]

Other Threads:
  0x000001ff51906800 VMThread [stack: 0x0000000467700000,0x0000000467800000] [id=51804]
  0x000001ff53bdb000 WatcherThread [stack: 0x0000000468200000,0x0000000468300000] [id=14728]

VM state:not at safepoint (normal execution)

VM Mutex/Monitor currently owned by a thread: None

heap address: 0x0000000080000000, size: 2048 MB, Compressed Oops mode: 32-bit
Narrow klass base: 0x0000000000000000, Narrow klass shift: 3
Compressed class space size: 1073741824 Address: 0x0000000100000000

Heap:
 PSYoungGen      total 350720K, used 47948K [0x00000000d5580000, 0x00000000f4600000, 0x0000000100000000)
  eden space 318464K, 15% used [0x00000000d5580000,0x00000000d8453240,0x00000000e8c80000)
  from space 32256K, 0% used [0x00000000e8c80000,0x00000000e8c80000,0x00000000eac00000)
  to   space 31744K, 0% used [0x00000000f2700000,0x00000000f2700000,0x00000000f4600000)
 ParOldGen       total 72192K, used 56572K [0x0000000080000000, 0x0000000084680000, 0x00000000d5580000)
  object space 72192K, 78% used [0x0000000080000000,0x000000008373f3d0,0x0000000084680000)
 Metaspace       used 57446K, capacity 61138K, committed 61272K, reserved 1101824K
  class space    used 7649K, capacity 8253K, committed 8320K, reserved 1048576K

Card table byte_map: [0x000001ff4c3e0000,0x000001ff4c7f0000] byte_map_base: 0x000001ff4bfe0000

Marking Bits: (ParMarkBitMap*) 0x000000005dc37fe0
 Begin Bits: [0x000001ff4caa0000, 0x000001ff4eaa0000)
 End Bits:   [0x000001ff4eaa0000, 0x000001ff50aa0000)

Polling page: 0x000001ff3b700000

CodeCache: size=245760Kb used=18943Kb max_used=20038Kb free=226816Kb
 bounds [0x000001ff3d020000, 0x000001ff3e3d0000, 0x000001ff4c020000]
 total_blobs=6551 nmethods=6045 adapters=417
 compilation: enabled

Compilation events (10 events):
Event: 10.527 Thread 0x000001ff53b14000 7043       2       org.springframework.util.ConcurrentReferenceHashMap$Segment::restructureIfNecessary (56 bytes)
Event: 10.527 Thread 0x000001ff53b14000 nmethod 7043 0x000001ff3dd32e90 code [0x000001ff3dd33020, 0x000001ff3dd33460]
Event: 10.527 Thread 0x000001ff53b14000 7041       2       java.util.IdentityHashMap::capacity (29 bytes)
Event: 10.527 Thread 0x000001ff53b14000 nmethod 7041 0x000001ff3d51ead0 code [0x000001ff3d51ec20, 0x000001ff3d51edb0]
Event: 10.531 Thread 0x000001ff53b14000 7044       2       org.springframework.util.ConcurrentReferenceHashMap$EntryIterator::moveToNextSegment (55 bytes)
Event: 10.531 Thread 0x000001ff53b14000 nmethod 7044 0x000001ff3df06290 code [0x000001ff3df063e0, 0x000001ff3df065d8]
Event: 10.532 Thread 0x000001ff53b14000 7045       2       java.lang.Class::argumentTypesToString (79 bytes)
Event: 10.532 Thread 0x000001ff53b14000 nmethod 7045 0x000001ff3db6a2d0 code [0x000001ff3db6a480, 0x000001ff3db6a900]
Event: 10.532 Thread 0x000001ff53b14000 7046       2       java.lang.NoSuchMethodException::<init> (6 bytes)
Event: 10.532 Thread 0x000001ff53b14000 nmethod 7046 0x000001ff3df05ed0 code [0x000001ff3df06040, 0x000001ff3df061b0]

GC Heap History (10 events):
Event: 4.712 GC heap before
{Heap before GC invocations=10 (full 2):
 PSYoungGen      total 244736K, used 10015K [0x00000000d5580000, 0x00000000e5500000, 0x0000000100000000)
  eden space 234496K, 0% used [0x00000000d5580000,0x00000000d5580000,0x00000000e3a80000)
  from space 10240K, 97% used [0x00000000e4b00000,0x00000000e54c7da0,0x00000000e5500000)
  to   space 13312K, 0% used [0x00000000e3b00000,0x00000000e3b00000,0x00000000e4800000)
 ParOldGen       total 49152K, used 8382K [0x0000000080000000, 0x0000000083000000, 0x00000000d5580000)
  object space 49152K, 17% used [0x0000000080000000,0x000000008082fb58,0x0000000083000000)
 Metaspace       used 33094K, capacity 35302K, committed 35416K, reserved 1079296K
  class space    used 4231K, capacity 4641K, committed 4736K, reserved 1048576K
Event: 4.757 GC heap after
Heap after GC invocations=10 (full 2):
 PSYoungGen      total 244736K, used 0K [0x00000000d5580000, 0x00000000e5500000, 0x0000000100000000)
  eden space 234496K, 0% used [0x00000000d5580000,0x00000000d5580000,0x00000000e3a80000)
  from space 10240K, 0% used [0x00000000e4b00000,0x00000000e4b00000,0x00000000e5500000)
  to   space 13312K, 0% used [0x00000000e3b00000,0x00000000e3b00000,0x00000000e4800000)
 ParOldGen       total 69632K, used 14888K [0x0000000080000000, 0x0000000084400000, 0x00000000d5580000)
  object space 69632K, 21% used [0x0000000080000000,0x0000000080e8a1b8,0x0000000084400000)
 Metaspace       used 33094K, capacity 35302K, committed 35416K, reserved 1079296K
  class space    used 4231K, capacity 4641K, committed 4736K, reserved 1048576K
}
Event: 7.058 GC heap before
{Heap before GC invocations=11 (full 2):
 PSYoungGen      total 244736K, used 234496K [0x00000000d5580000, 0x00000000e5500000, 0x0000000100000000)
  eden space 234496K, 100% used [0x00000000d5580000,0x00000000e3a80000,0x00000000e3a80000)
  from space 10240K, 0% used [0x00000000e4b00000,0x00000000e4b00000,0x00000000e5500000)
  to   space 13312K, 0% used [0x00000000e3b00000,0x00000000e3b00000,0x00000000e4800000)
 ParOldGen       total 69632K, used 14888K [0x0000000080000000, 0x0000000084400000, 0x00000000d5580000)
  object space 69632K, 21% used [0x0000000080000000,0x0000000080e8a1b8,0x0000000084400000)
 Metaspace       used 47556K, capacity 49982K, committed 50264K, reserved 1093632K
  class space    used 6340K, capacity 6773K, committed 6784K, reserved 1048576K
Event: 7.086 GC heap after
Heap after GC invocations=11 (full 2):
 PSYoungGen      total 248320K, used 13281K [0x00000000d5580000, 0x00000000ec000000, 0x0000000100000000)
  eden space 235008K, 0% used [0x00000000d5580000,0x00000000d5580000,0x00000000e3b00000)
  from space 13312K, 99% used [0x00000000e3b00000,0x00000000e47f8758,0x00000000e4800000)
  to   space 20480K, 0% used [0x00000000eac00000,0x00000000eac00000,0x00000000ec000000)
 ParOldGen       total 69632K, used 27312K [0x0000000080000000, 0x0000000084400000, 0x00000000d5580000)
  object space 69632K, 39% used [0x0000000080000000,0x0000000081aac298,0x0000000084400000)
 Metaspace       used 47556K, capacity 49982K, committed 50264K, reserved 1093632K
  class space    used 6340K, capacity 6773K, committed 6784K, reserved 1048576K
}
Event: 9.053 GC heap before
{Heap before GC invocations=12 (full 2):
 PSYoungGen      total 248320K, used 248289K [0x00000000d5580000, 0x00000000ec000000, 0x0000000100000000)
  eden space 235008K, 100% used [0x00000000d5580000,0x00000000e3b00000,0x00000000e3b00000)
  from space 13312K, 99% used [0x00000000e3b00000,0x00000000e47f8758,0x00000000e4800000)
  to   space 20480K, 0% used [0x00000000eac00000,0x00000000eac00000,0x00000000ec000000)
 ParOldGen       total 69632K, used 27312K [0x0000000080000000, 0x0000000084400000, 0x00000000d5580000)
  object space 69632K, 39% used [0x0000000080000000,0x0000000081aac298,0x0000000084400000)
 Metaspace       used 53848K, capacity 57030K, committed 57048K, reserved 1099776K
  class space    used 7157K, capacity 7675K, committed 7680K, reserved 1048576K
Event: 9.093 GC heap after
Heap after GC invocations=12 (full 2):
 PSYoungGen      total 338944K, used 20478K [0x00000000d5580000, 0x00000000ed500000, 0x0000000100000000)
  eden space 318464K, 0% used [0x00000000d5580000,0x00000000d5580000,0x00000000e8c80000)
  from space 20480K, 99% used [0x00000000eac00000,0x00000000ebfff9d8,0x00000000ec000000)
  to   space 32256K, 0% used [0x00000000e8c80000,0x00000000e8c80000,0x00000000eac00000)
 ParOldGen       total 69632K, used 50902K [0x0000000080000000, 0x0000000084400000, 0x00000000d5580000)
  object space 69632K, 73% used [0x0000000080000000,0x00000000831b58a8,0x0000000084400000)
 Metaspace       used 53848K, capacity 57030K, committed 57048K, reserved 1099776K
  class space    used 7157K, capacity 7675K, committed 7680K, reserved 1048576K
}
Event: 9.882 GC heap before
{Heap before GC invocations=13 (full 2):
 PSYoungGen      total 338944K, used 131464K [0x00000000d5580000, 0x00000000ed500000, 0x0000000100000000)
  eden space 318464K, 34% used [0x00000000d5580000,0x00000000dc1e2680,0x00000000e8c80000)
  from space 20480K, 99% used [0x00000000eac00000,0x00000000ebfff9d8,0x00000000ec000000)
  to   space 32256K, 0% used [0x00000000e8c80000,0x00000000e8c80000,0x00000000eac00000)
 ParOldGen       total 69632K, used 50902K [0x0000000080000000, 0x0000000084400000, 0x00000000d5580000)
  object space 69632K, 73% used [0x0000000080000000,0x00000000831b58a8,0x0000000084400000)
 Metaspace       used 55656K, capacity 58940K, committed 59028K, reserved 1099776K
  class space    used 7364K, capacity 7902K, committed 7936K, reserved 1048576K
Event: 9.907 GC heap after
Heap after GC invocations=13 (full 2):
 PSYoungGen      total 350720K, used 4137K [0x00000000d5580000, 0x00000000f4600000, 0x0000000100000000)
  eden space 318464K, 0% used [0x00000000d5580000,0x00000000d5580000,0x00000000e8c80000)
  from space 32256K, 12% used [0x00000000e8c80000,0x00000000e908a5f8,0x00000000eac00000)
  to   space 31744K, 0% used [0x00000000f2700000,0x00000000f2700000,0x00000000f4600000)
 ParOldGen       total 72192K, used 71309K [0x0000000080000000, 0x0000000084680000, 0x00000000d5580000)
  object space 72192K, 98% used [0x0000000080000000,0x00000000845a3770,0x0000000084680000)
 Metaspace       used 55656K, capacity 58940K, committed 59028K, reserved 1099776K
  class space    used 7364K, capacity 7902K, committed 7936K, reserved 1048576K
}
Event: 9.907 GC heap before
{Heap before GC invocations=14 (full 3):
 PSYoungGen      total 350720K, used 4137K [0x00000000d5580000, 0x00000000f4600000, 0x0000000100000000)
  eden space 318464K, 0% used [0x00000000d5580000,0x00000000d5580000,0x00000000e8c80000)
  from space 32256K, 12% used [0x00000000e8c80000,0x00000000e908a5f8,0x00000000eac00000)
  to   space 31744K, 0% used [0x00000000f2700000,0x00000000f2700000,0x00000000f4600000)
 ParOldGen       total 72192K, used 71309K [0x0000000080000000, 0x0000000084680000, 0x00000000d5580000)
  object space 72192K, 98% used [0x0000000080000000,0x00000000845a3770,0x0000000084680000)
 Metaspace       used 55656K, capacity 58940K, committed 59028K, reserved 1099776K
  class space    used 7364K, capacity 7902K, committed 7936K, reserved 1048576K
Event: 10.087 GC heap after
Heap after GC invocations=14 (full 3):
 PSYoungGen      total 350720K, used 0K [0x00000000d5580000, 0x00000000f4600000, 0x0000000100000000)
  eden space 318464K, 0% used [0x00000000d5580000,0x00000000d5580000,0x00000000e8c80000)
  from space 32256K, 0% used [0x00000000e8c80000,0x00000000e8c80000,0x00000000eac00000)
  to   space 31744K, 0% used [0x00000000f2700000,0x00000000f2700000,0x00000000f4600000)
 ParOldGen       total 72192K, used 56572K [0x0000000080000000, 0x0000000084680000, 0x00000000d5580000)
  object space 72192K, 78% used [0x0000000080000000,0x000000008373f3d0,0x0000000084680000)
 Metaspace       used 55656K, capacity 58940K, committed 59028K, reserved 1099776K
  class space    used 7364K, capacity 7902K, committed 7936K, reserved 1048576K
}

Deoptimization events (10 events):
Event: 10.195 Thread 0x000001ff539a8800 Uncommon trap: reason=class_check action=maybe_recompile pc=0x000001ff3dce1264 method=org.springframework.core.annotation.TypeMappedAnnotations$MergedAnnotationFinder.process(Ljava/lang/Object;ILjava/lang/Object;Ljava/lang/annotation/Annotation;)Lorg/spri
Event: 10.199 Thread 0x000001ff539a8800 Uncommon trap: reason=class_check action=maybe_recompile pc=0x000001ff3db477ac method=java.lang.reflect.Method.equals(Ljava/lang/Object;)Z @ 5
Event: 10.225 Thread 0x000001ff539a8800 Uncommon trap: reason=unstable_if action=reinterpret pc=0x000001ff3e2cea64 method=org.springframework.core.annotation.AnnotationsScanner.isWithoutHierarchy(Ljava/lang/reflect/AnnotatedElement;Lorg/springframework/core/annotation/MergedAnnotations$SearchSt
Event: 10.230 Thread 0x000001ff539a8800 Uncommon trap: reason=unstable_if action=reinterpret pc=0x000001ff3d5bd084 method=java.util.concurrent.ConcurrentHashMap.transfer([Ljava/util/concurrent/ConcurrentHashMap$Node;[Ljava/util/concurrent/ConcurrentHashMap$Node;)V @ 356
Event: 10.329 Thread 0x000001ff539a8800 Uncommon trap: reason=unstable_if action=reinterpret pc=0x000001ff3d7e61f0 method=java.util.IdentityHashMap.nextKeyIndex(II)I @ 4
Event: 10.521 Thread 0x000001ff539a8800 Uncommon trap: reason=unstable_if action=reinterpret pc=0x000001ff3d49bc58 method=org.springframework.util.ConcurrentReferenceHashMap$Segment.clear()V @ 7
Event: 10.525 Thread 0x000001ff539a8800 Uncommon trap: reason=class_check action=maybe_recompile pc=0x000001ff3d33949c method=org.springframework.util.ConcurrentReferenceHashMap$ReferenceManager.pollForPurge()Lorg/springframework/util/ConcurrentReferenceHashMap$Reference; @ 7
Event: 10.525 Thread 0x000001ff539a8800 Uncommon trap: reason=class_check action=maybe_recompile pc=0x000001ff3d33949c method=org.springframework.util.ConcurrentReferenceHashMap$ReferenceManager.pollForPurge()Lorg/springframework/util/ConcurrentReferenceHashMap$Reference; @ 7
Event: 10.525 Thread 0x000001ff539a8800 Uncommon trap: reason=class_check action=maybe_recompile pc=0x000001ff3d33949c method=org.springframework.util.ConcurrentReferenceHashMap$ReferenceManager.pollForPurge()Lorg/springframework/util/ConcurrentReferenceHashMap$Reference; @ 7
Event: 10.525 Thread 0x000001ff539a8800 Uncommon trap: reason=class_check action=maybe_recompile pc=0x000001ff3d33949c method=org.springframework.util.ConcurrentReferenceHashMap$ReferenceManager.pollForPurge()Lorg/springframework/util/ConcurrentReferenceHashMap$Reference; @ 7

Classes redefined (0 events):
No events

Internal exceptions (10 events):
Event: 9.711 Thread 0x000001ff539a8800 Exception <a 'java/lang/ClassNotFoundException': org/springframework/web/servlet/config/annotation/WebMvcConfigurationSupportCustomizer> (0x00000000daedaee0) thrown at [C:\jenkins\workspace\8-2-build-windows-amd64-cygwin\jdk8u291\1294\hotspot\src\share\vm
Event: 9.712 Thread 0x000001ff539a8800 Exception <a 'java/lang/ClassNotFoundException': org/springframework/web/servlet/config/annotation/DelegatingWebMvcConfigurationCustomizer> (0x00000000daf10150) thrown at [C:\jenkins\workspace\8-2-build-windows-amd64-cygwin\jdk8u291\1294\hotspot\src\share
Event: 9.713 Thread 0x000001ff539a8800 Exception <a 'java/lang/ClassNotFoundException': org/springframework/boot/autoconfigure/web/servlet/WebMvcAutoConfiguration$EnableWebMvcConfigurationCustomizer> (0x00000000daf386f0) thrown at [C:\jenkins\workspace\8-2-build-windows-amd64-cygwin\jdk8u291\1
Event: 9.714 Thread 0x000001ff539a8800 Exception <a 'java/lang/ClassNotFoundException': org/springframework/context/ResourceLoaderAwareCustomizer> (0x00000000daf628e8) thrown at [C:\jenkins\workspace\8-2-build-windows-amd64-cygwin\jdk8u291\1294\hotspot\src\share\vm\classfile\systemDictionary.c
Event: 9.714 Thread 0x000001ff539a8800 Exception <a 'java/lang/ClassNotFoundException': org/springframework/beans/factory/AwareCustomizer> (0x00000000daf770b0) thrown at [C:\jenkins\workspace\8-2-build-windows-amd64-cygwin\jdk8u291\1294\hotspot\src\share\vm\classfile\systemDictionary.cpp, line
Event: 9.715 Thread 0x000001ff539a8800 Exception <a 'java/lang/ClassNotFoundException': org/springframework/context/ApplicationContextAwareCustomizer> (0x00000000daf8db28) thrown at [C:\jenkins\workspace\8-2-build-windows-amd64-cygwin\jdk8u291\1294\hotspot\src\share\vm\classfile\systemDictiona
Event: 9.715 Thread 0x000001ff539a8800 Exception <a 'java/lang/ClassNotFoundException': org/springframework/beans/factory/AwareCustomizer> (0x00000000dafa28f8) thrown at [C:\jenkins\workspace\8-2-build-windows-amd64-cygwin\jdk8u291\1294\hotspot\src\share\vm\classfile\systemDictionary.cpp, line
Event: 9.716 Thread 0x000001ff539a8800 Exception <a 'java/lang/ClassNotFoundException': org/springframework/web/context/ServletContextAwareCustomizer> (0x00000000dafb9310) thrown at [C:\jenkins\workspace\8-2-build-windows-amd64-cygwin\jdk8u291\1294\hotspot\src\share\vm\classfile\systemDictiona
Event: 9.718 Thread 0x000001ff539a8800 Exception <a 'java/lang/ClassNotFoundException': org/springframework/beans/factory/AwareCustomizer> (0x00000000dafcdb50) thrown at [C:\jenkins\workspace\8-2-build-windows-amd64-cygwin\jdk8u291\1294\hotspot\src\share\vm\classfile\systemDictionary.cpp, line
Event: 10.259 Thread 0x000001ff539a8800 Exception <a 'java/lang/IncompatibleClassChangeError': Found class java.lang.Object, but interface was expected> (0x00000000d6178258) thrown at [C:\jenkins\workspace\8-2-build-windows-amd64-cygwin\jdk8u291\1294\hotspot\src\share\vm\interpreter\linkResolve

Events (10 events):
Event: 10.530 loading class org/springframework/boot/devtools/restart/Restarter done
Event: 10.531 loading class org/springframework/boot/system/JavaVersion
Event: 10.531 loading class org/springframework/boot/system/JavaVersion done
Event: 10.532 loading class java/util/stream/DoubleStream
Event: 10.532 loading class java/util/stream/DoubleStream done
Event: 10.532 loading class java/util/function/ToDoubleFunction
Event: 10.532 loading class java/util/function/ToDoubleFunction done
Event: 10.533 Thread 0x000001ff51972000 Thread exited: 0x000001ff51972000
Event: 10.533 Thread 0x000001ff3b78e800 Thread exited: 0x000001ff3b78e800
Event: 10.533 Thread 0x000001ff5ac0d000 Thread added: 0x000001ff5ac0d000


Dynamic libraries:
0x00007ff67a540000 - 0x00007ff67a587000 	C:\Program Files\Java\jdk1.8.0_291\bin\java.exe
0x00007ffb1d5a0000 - 0x00007ffb1d790000 	C:\WINDOWS\SYSTEM32\ntdll.dll
0x00007ffb1d0b0000 - 0x00007ffb1d162000 	C:\WINDOWS\System32\KERNEL32.DLL
0x00007ffb1a5f0000 - 0x00007ffb1a895000 	C:\WINDOWS\System32\KERNELBASE.dll
0x00007ffb1d2f0000 - 0x00007ffb1d393000 	C:\WINDOWS\System32\ADVAPI32.dll
0x00007ffb1c200000 - 0x00007ffb1c29e000 	C:\WINDOWS\System32\msvcrt.dll
0x00007ffb1cd40000 - 0x00007ffb1cdd7000 	C:\WINDOWS\System32\sechost.dll
0x00007ffb1bc70000 - 0x00007ffb1bd8f000 	C:\WINDOWS\System32\RPCRT4.dll
0x00007ffb1d3c0000 - 0x00007ffb1d554000 	C:\WINDOWS\System32\USER32.dll
0x00007ffb1a9b0000 - 0x00007ffb1a9d1000 	C:\WINDOWS\System32\win32u.dll
0x00007ffb1bc30000 - 0x00007ffb1bc56000 	C:\WINDOWS\System32\GDI32.dll
0x00007ffb1b4b0000 - 0x00007ffb1b648000 	C:\WINDOWS\System32\gdi32full.dll
0x00007ffb1b2f0000 - 0x00007ffb1b38e000 	C:\WINDOWS\System32\msvcp_win.dll
0x00007ffb1b3b0000 - 0x00007ffb1b4aa000 	C:\WINDOWS\System32\ucrtbase.dll
0x00007ffb11490000 - 0x00007ffb11714000 	C:\WINDOWS\WinSxS\amd64_microsoft.windows.common-controls_6595b64144ccf1df_6.0.18362.1500_none_9e79be6de462295c\COMCTL32.dll
0x00007ffb1b730000 - 0x00007ffb1ba66000 	C:\WINDOWS\System32\combase.dll
0x00007ffb1a560000 - 0x00007ffb1a5e1000 	C:\WINDOWS\System32\bcryptPrimitives.dll
0x00007ffb1cfa0000 - 0x00007ffb1cfce000 	C:\WINDOWS\System32\IMM32.DLL
0x00007ffb14e10000 - 0x00007ffb14e25000 	C:\Program Files\Java\jdk1.8.0_291\jre\bin\vcruntime140.dll
0x00007ffb0a9a0000 - 0x00007ffb0aa3b000 	C:\Program Files\Java\jdk1.8.0_291\jre\bin\msvcp140.dll
0x000000005d450000 - 0x000000005dcb0000 	C:\Program Files\Java\jdk1.8.0_291\jre\bin\server\jvm.dll
0x00007ffb1c4c0000 - 0x00007ffb1c4c8000 	C:\WINDOWS\System32\PSAPI.DLL
0x00007ffb0ae70000 - 0x00007ffb0ae79000 	C:\WINDOWS\SYSTEM32\WSOCK32.dll
0x00007ffb1c450000 - 0x00007ffb1c4bf000 	C:\WINDOWS\System32\WS2_32.dll
0x00007ffb15b50000 - 0x00007ffb15b74000 	C:\WINDOWS\SYSTEM32\WINMM.dll
0x00007ffb12860000 - 0x00007ffb1286a000 	C:\WINDOWS\SYSTEM32\VERSION.dll
0x00007ffb15b20000 - 0x00007ffb15b4d000 	C:\WINDOWS\SYSTEM32\winmmbase.dll
0x00007ffb1a510000 - 0x00007ffb1a55a000 	C:\WINDOWS\System32\cfgmgr32.dll
0x00007ffb1a460000 - 0x00007ffb1a471000 	C:\WINDOWS\System32\kernel.appcore.dll
0x00007ffb14de0000 - 0x00007ffb14df0000 	C:\Program Files\Java\jdk1.8.0_291\jre\bin\verify.dll
0x00007ffb11010000 - 0x00007ffb1103b000 	C:\Program Files\Java\jdk1.8.0_291\jre\bin\java.dll
0x00007ffb0fc80000 - 0x00007ffb0fcb0000 	C:\Program Files\Java\jdk1.8.0_291\jre\bin\instrument.dll
0x00007ffb14d40000 - 0x00007ffb14d58000 	C:\Program Files\Java\jdk1.8.0_291\jre\bin\zip.dll
0x00007ffb1c4d0000 - 0x00007ffb1cbb8000 	C:\WINDOWS\System32\SHELL32.dll
0x00007ffb1d240000 - 0x00007ffb1d2e7000 	C:\WINDOWS\System32\shcore.dll
0x00007ffb1a9e0000 - 0x00007ffb1b15b000 	C:\WINDOWS\System32\windows.storage.dll
0x00007ffb1a480000 - 0x00007ffb1a49e000 	C:\WINDOWS\System32\profapi.dll
0x00007ffb1a4a0000 - 0x00007ffb1a4ea000 	C:\WINDOWS\System32\powrprof.dll
0x00007ffb1a450000 - 0x00007ffb1a460000 	C:\WINDOWS\System32\UMPDC.dll
0x00007ffb1d050000 - 0x00007ffb1d0a2000 	C:\WINDOWS\System32\shlwapi.dll
0x00007ffb1b390000 - 0x00007ffb1b3a7000 	C:\WINDOWS\System32\cryptsp.dll
0x00007ffb0fcd0000 - 0x00007ffb0fcea000 	C:\Program Files\JetBrains\IntelliJ IDEA Community Edition 2020.1.2\bin\breakgen64.dll
0x00007ffb10f30000 - 0x00007ffb10f4c000 	C:\Program Files\Java\jdk1.8.0_291\jre\bin\net.dll
0x00007ffb19c90000 - 0x00007ffb19cf7000 	C:\WINDOWS\system32\mswsock.dll
0x00007ffb160f0000 - 0x00007ffb160fd000 	C:\Program Files\Java\jdk1.8.0_291\jre\bin\management.dll
0x00007ffb03720000 - 0x00007ffb03736000 	C:\WINDOWS\system32\napinsp.dll
0x00007ffb03700000 - 0x00007ffb0371a000 	C:\WINDOWS\system32\pnrpnsp.dll
0x00007ffb199e0000 - 0x00007ffb19aab000 	C:\WINDOWS\SYSTEM32\DNSAPI.dll
0x00007ffb1bc60000 - 0x00007ffb1bc68000 	C:\WINDOWS\System32\NSI.dll
0x00007ffb199a0000 - 0x00007ffb199da000 	C:\WINDOWS\SYSTEM32\IPHLPAPI.DLL
0x00007ffb07eb0000 - 0x00007ffb07ebe000 	C:\WINDOWS\System32\winrnr.dll
0x00007ffb18460000 - 0x00007ffb1847c000 	C:\WINDOWS\system32\NLAapi.dll
0x00007ffb0aaf0000 - 0x00007ffb0ab05000 	C:\WINDOWS\system32\wshbth.dll
0x00007ffb12060000 - 0x00007ffb1206a000 	C:\Windows\System32\rasadhlp.dll
0x00007ffb13560000 - 0x00007ffb135d7000 	C:\WINDOWS\System32\fwpuclnt.dll
0x00007ffb1b160000 - 0x00007ffb1b186000 	C:\WINDOWS\System32\bcrypt.dll
0x00007ffb0bd40000 - 0x00007ffb0bd53000 	C:\Program Files\Java\jdk1.8.0_291\jre\bin\nio.dll
0x00007ffb19810000 - 0x00007ffb19843000 	C:\WINDOWS\system32\rsaenh.dll
0x00007ffb1a340000 - 0x00007ffb1a365000 	C:\WINDOWS\SYSTEM32\USERENV.dll
0x00007ffb19e60000 - 0x00007ffb19e6c000 	C:\WINDOWS\SYSTEM32\CRYPTBASE.dll
0x00007ffb13750000 - 0x00007ffb13766000 	C:\WINDOWS\SYSTEM32\dhcpcsvc6.DLL
0x00007ffb14500000 - 0x00007ffb1451c000 	C:\WINDOWS\SYSTEM32\dhcpcsvc.DLL
0x00007ffb0d1a0000 - 0x00007ffb0d394000 	C:\WINDOWS\SYSTEM32\dbghelp.dll

VM Arguments:
jvm_args: -javaagent:C:\Program Files\JetBrains\IntelliJ IDEA Community Edition 2020.1.2\lib\idea_rt.jar=49981:C:\Program Files\JetBrains\IntelliJ IDEA Community Edition 2020.1.2\bin -Dfile.encoding=UTF-8 
java_command: ciro.atc.AtcApplication
java_class_path (initial): C:\Program Files\Java\jdk1.8.0_291\jre\lib\charsets.jar;C:\Program Files\Java\jdk1.8.0_291\jre\lib\deploy.jar;C:\Program Files\Java\jdk1.8.0_291\jre\lib\ext\access-bridge-64.jar;C:\Program Files\Java\jdk1.8.0_291\jre\lib\ext\cldrdata.jar;C:\Program Files\Java\jdk1.8.0_291\jre\lib\ext\dnsns.jar;C:\Program Files\Java\jdk1.8.0_291\jre\lib\ext\jaccess.jar;C:\Program Files\Java\jdk1.8.0_291\jre\lib\ext\jfxrt.jar;C:\Program Files\Java\jdk1.8.0_291\jre\lib\ext\localedata.jar;C:\Program Files\Java\jdk1.8.0_291\jre\lib\ext\nashorn.jar;C:\Program Files\Java\jdk1.8.0_291\jre\lib\ext\sunec.jar;C:\Program Files\Java\jdk1.8.0_291\jre\lib\ext\sunjce_provider.jar;C:\Program Files\Java\jdk1.8.0_291\jre\lib\ext\sunmscapi.jar;C:\Program Files\Java\jdk1.8.0_291\jre\lib\ext\sunpkcs11.jar;C:\Program Files\Java\jdk1.8.0_291\jre\lib\ext\zipfs.jar;C:\Program Files\Java\jdk1.8.0_291\jre\lib\javaws.jar;C:\Program Files\Java\jdk1.8.0_291\jre\lib\jce.jar;C:\Program Files\Java\jdk1.8.0_291\jre\lib\jfr.jar;C:\Program Files\Java\jdk1.8.0_291\jre\lib\jfxswt.jar;C:\Program Files\Java\jdk1.8.0_291\jre\lib\jsse.jar;C:\Program Files\Java\jdk1.8.0_291\jre\lib\management-agent.jar;C:\Program Files\Java\jdk1.8.0_291\jre\lib\plugin.jar;C:\Program Files\Java\jdk1.8.0_291\jre\lib\resources.jar;C:\Program Files\Java\jdk1.8.0_291\jre\lib\rt.jar;C:\Users\desarrollo\Desktop\PROYECTOS\ciro\NEW---CIRO---Backend\target\classes;C:\Users\desarrollo\.m2\repository\org\springframework\boot\spring-boot-starter-data-jpa\2.5.5\spring-boot-starter-data-jpa-2.5.5.jar;C:\Users\desarrollo\.m2\repository\org\springframework\boot\spring-boot-starter-aop\2.5.5\spring-boot-starter-aop-2.5.5.jar;C:\Users\desarrollo\.m2\repository\org\springframework\spring-aop\5.3.10\spring-aop-5.3.10.jar;C:\Users\desarrollo\.m2\repository\org\aspectj\aspectjweaver\1.9.7\aspectjweaver-1.9.7.jar;C:\Users\desarrollo\.m2\repository\org\springframework\boot\spring-boot-starter-jdbc\2.5.5\spring-boot-starter-jdbc-2.5.5.jar;
Launcher Type: SUN_STANDARD

Environment Variables:
JAVA_HOME=C:\Program Files\Java\jdk1.8.0_291
PATH=C:\WINDOWS\system32;C:\WINDOWS;C:\WINDOWS\System32\Wbem;C:\WINDOWS\System32\WindowsPowerShell\v1.0\;C:\WINDOWS\System32\OpenSSH\;C:\python2.7\;C:\Program Files\Java\jdk1.8.0_291\bin;C:\apache-maven-3.6.3\bin;C:\Program Files\Git\cmd;C:\OpenSSL-Win64\bin;C:\Users\desarrollo\AppData\Roaming\nvm;C:\Program Files\nodejs;C:\ProgramData\chocolatey\bin;C:\Program Files\Microsoft SQL Server\130\Tools\Binn\;C:\Users\desarrollo\AppData\Local\Microsoft\WindowsApps;C:\Users\desarrollo\AppData\Local\Programs\Microsoft VS Code\bin;C:\Program Files\JetBrains\WebStorm 2020.1.2\bin;;C:\Program Files\JetBrains\PyCharm Community Edition 2020.2\bin;;C:\Python27;C:\Program Files\JetBrains\IntelliJ IDEA Community Edition 2020.1.2\bin;;C:\Users\desarrollo\AppData\Roaming\nvm;C:\Program Files\nodejs
USERNAME=desarrollo
OS=Windows_NT
PROCESSOR_IDENTIFIER=Intel64 Family 6 Model 63 Stepping 0, GenuineIntel



---------------  S Y S T E M  ---------------

OS: Windows 10.0 , 64 bit Build 18362 (10.0.18362.1500)

CPU:total 8 (initial active 8) (8 cores per cpu, 1 threads per core) family 6 model 63 stepping 0, cmov, cx8, fxsr, mmx, sse, sse2, sse3, ssse3, sse4.1, sse4.2, popcnt, avx, avx2, aes, clmul, erms, lzcnt, tsc, tscinvbit, bmi1, bmi2

Memory: 4k page, physical 8388016k(1605848k free), swap 13017404k(5120k free)

vm_info: Java HotSpot(TM) 64-Bit Server VM (25.291-b10) for windows-amd64 JRE (1.8.0_291-b10), built on Apr  9 2021 00:02:00 by "java_re" with MS VC++ 15.9 (VS2017)

time: Mon Dec 27 01:00:18 2021
timezone: Hora estándar oeste, Sudamérica
elapsed time: 10.701607 seconds (0d 0h 0m 10s)

