#
# There is insufficient memory for the Java Runtime Environment to continue.
# Native memory allocation (malloc) failed to allocate 1705104 bytes for Chunk::new
# Possible reasons:
#   The system is out of physical RAM or swap space
#   The process is running with CompressedOops enabled, and the Java Heap may be blocking the growth of the native heap
# Possible solutions:
#   Reduce memory load on the system
#   Increase physical memory or swap space
#   Check if swap backing store is full
#   Decrease Java heap size (-Xmx/-Xms)
#   Decrease number of Java threads
#   Decrease Java thread stack sizes (-Xss)
#   Set larger code cache with -XX:ReservedCodeCacheSize=
#   JVM is running with Unscaled Compressed Oops mode in which the Java heap is
#     placed in the first 4GB address space. The Java Heap base address is the
#     maximum limit for the native heap growth. Please use -XX:HeapBaseMinAddress
#     to set the Java Heap base and to place the Java Heap above 4GB virtual address.
# This output file may be truncated or incomplete.
#
#  Out of Memory Error (allocation.cpp:389), pid=45992, tid=0x0000000000002748
#
# JRE version: Java(TM) SE Runtime Environment (8.0_291-b10) (build 1.8.0_291-b10)
# Java VM: Java HotSpot(TM) 64-Bit Server VM (25.291-b10 mixed mode windows-amd64 compressed oops)
# Failed to write core dump. Minidumps are not enabled by default on client versions of Windows
#

---------------  T H R E A D  ---------------

Current thread (0x0000022bd19ff000):  JavaThread "C2 CompilerThread1" daemon [_thread_in_native, id=10056, stack(0x000000e1b6c00000,0x000000e1b6d00000)]

Stack: [0x000000e1b6c00000,0x000000e1b6d00000]
Native frames: (J=compiled Java code, j=interpreted, Vv=VM code, C=native code)
V  [jvm.dll+0x32ea19]
V  [jvm.dll+0x275462]
V  [jvm.dll+0x27610d]
V  [jvm.dll+0x26cb45]
V  [jvm.dll+0xd524c]
V  [jvm.dll+0xd5a4c]
V  [jvm.dll+0x46fd95]
V  [jvm.dll+0x437a08]
V  [jvm.dll+0x440855]
V  [jvm.dll+0x43fc15]
V  [jvm.dll+0x42aa57]
V  [jvm.dll+0xabeeb]
V  [jvm.dll+0xaa54b]
V  [jvm.dll+0x23db02]
V  [jvm.dll+0x29210c]
C  [ucrtbase.dll+0x210b2]
C  [KERNEL32.DLL+0x17c24]
C  [ntdll.dll+0x6d721]


Current CompileTask:
C2:  10807 6553   !   4       org.springframework.core.annotation.AnnotationsScanner::processMethodHierarchy (276 bytes)


---------------  P R O C E S S  ---------------

Java Threads: ( => current thread )
  0x0000022bd16ea000 JavaThread "DestroyJavaVM" [_thread_blocked, id=49404, stack(0x000000e1b5c00000,0x000000e1b5d00000)]
  0x0000022bd16f0000 JavaThread "http-nio-8080-Acceptor" daemon [_thread_in_native, id=32200, stack(0x000000e1b7c00000,0x000000e1b7d00000)]
  0x0000022bd16ed000 JavaThread "http-nio-8080-Poller" daemon [_thread_in_native, id=40196, stack(0x000000e1b7a00000,0x000000e1b7b00000)]
  0x0000022bd16ed800 JavaThread "Live Reload Server" daemon [_thread_in_native, id=26016, stack(0x000000e1b7b00000,0x000000e1b7c00000)]
  0x0000022bd16ea800 JavaThread "File Watcher" daemon [_thread_blocked, id=53208, stack(0x000000e1b7900000,0x000000e1b7a00000)]
  0x0000022bd16eb800 JavaThread "HikariPool-1 connection adder" daemon [_thread_blocked, id=39872, stack(0x000000e1b7800000,0x000000e1b7900000)]
  0x0000022bd16ee800 JavaThread "HikariPool-1 housekeeper" daemon [_thread_blocked, id=42156, stack(0x000000e1b7700000,0x000000e1b7800000)]
  0x0000022bd7013800 JavaThread "container-0" [_thread_blocked, id=49688, stack(0x000000e1b7500000,0x000000e1b7600000)]
  0x0000022bd7267000 JavaThread "Catalina-utility-2" [_thread_blocked, id=37156, stack(0x000000e1b7400000,0x000000e1b7500000)]
  0x0000022bd682a000 JavaThread "Catalina-utility-1" [_thread_blocked, id=21760, stack(0x000000e1b7300000,0x000000e1b7400000)]
  0x0000022bd1ab0800 JavaThread "Service Thread" daemon [_thread_blocked, id=46652, stack(0x000000e1b6f00000,0x000000e1b7000000)]
  0x0000022bd1a0d000 JavaThread "C1 CompilerThread3" daemon [_thread_blocked, id=50324, stack(0x000000e1b6e00000,0x000000e1b6f00000)]
  0x0000022bd1a08000 JavaThread "C2 CompilerThread2" daemon [_thread_in_native, id=6864, stack(0x000000e1b6d00000,0x000000e1b6e00000)]
=>0x0000022bd19ff000 JavaThread "C2 CompilerThread1" daemon [_thread_in_native, id=10056, stack(0x000000e1b6c00000,0x000000e1b6d00000)]
  0x0000022bd19d9000 JavaThread "C2 CompilerThread0" daemon [_thread_in_native, id=49636, stack(0x000000e1b6b00000,0x000000e1b6c00000)]
  0x0000022bd19d5800 JavaThread "Monitor Ctrl-Break" daemon [_thread_in_native, id=34836, stack(0x000000e1b6a00000,0x000000e1b6b00000)]
  0x0000022bcf86d000 JavaThread "Attach Listener" daemon [_thread_blocked, id=19788, stack(0x000000e1b6900000,0x000000e1b6a00000)]
  0x0000022bcf86b000 JavaThread "Signal Dispatcher" daemon [_thread_blocked, id=25064, stack(0x000000e1b6800000,0x000000e1b6900000)]
  0x0000022bcf848800 JavaThread "Finalizer" daemon [_thread_blocked, id=30960, stack(0x000000e1b6700000,0x000000e1b6800000)]
  0x0000022bcf841000 JavaThread "Reference Handler" daemon [_thread_blocked, id=15480, stack(0x000000e1b6600000,0x000000e1b6700000)]

Other Threads:
  0x0000022bcf817800 VMThread [stack: 0x000000e1b6500000,0x000000e1b6600000] [id=7824]
  0x0000022bd1acc800 WatcherThread [stack: 0x000000e1b7000000,0x000000e1b7100000] [id=42932]

VM state:not at safepoint (normal execution)

VM Mutex/Monitor currently owned by a thread: None

heap address: 0x0000000080000000, size: 2048 MB, Compressed Oops mode: 32-bit
Narrow klass base: 0x0000000000000000, Narrow klass shift: 3
Compressed class space size: 1073741824 Address: 0x0000000100000000

Heap:
 PSYoungGen      total 353792K, used 47832K [0x00000000d5580000, 0x00000000f4b80000, 0x0000000100000000)
  eden space 321536K, 14% used [0x00000000d5580000,0x00000000d8436358,0x00000000e8f80000)
  from space 32256K, 0% used [0x00000000e8f80000,0x00000000e8f80000,0x00000000eaf00000)
  to   space 31744K, 0% used [0x00000000f2c80000,0x00000000f2c80000,0x00000000f4b80000)
 ParOldGen       total 73216K, used 56341K [0x0000000080000000, 0x0000000084780000, 0x00000000d5580000)
  object space 73216K, 76% used [0x0000000080000000,0x00000000837054e0,0x0000000084780000)
 Metaspace       used 57540K, capacity 61258K, committed 61528K, reserved 1101824K
  class space    used 7646K, capacity 8253K, committed 8320K, reserved 1048576K

Card table byte_map: [0x0000022bca320000,0x0000022bca730000] byte_map_base: 0x0000022bc9f20000

Marking Bits: (ParMarkBitMap*) 0x000000005dc37fe0
 Begin Bits: [0x0000022bca9e0000, 0x0000022bcc9e0000)
 End Bits:   [0x0000022bcc9e0000, 0x0000022bce9e0000)

Polling page: 0x0000022bb9670000

CodeCache: size=245760Kb used=20117Kb max_used=20728Kb free=225642Kb
 bounds [0x0000022bbaf60000, 0x0000022bbc3c0000, 0x0000022bc9f60000]
 total_blobs=6694 nmethods=6188 adapters=417
 compilation: enabled

Compilation events (10 events):
Event: 10.659 Thread 0x0000022bd1a0d000 6967       2       sun.invoke.util.Wrapper::isDoubleWord (15 bytes)
Event: 10.659 Thread 0x0000022bd1a0d000 nmethod 6967 0x0000022bbb1d56d0 code [0x0000022bbb1d5820, 0x0000022bbb1d5998]
Event: 10.659 Thread 0x0000022bd1a0d000 6963       2       sun.invoke.util.Wrapper::isSubwordOrInt (20 bytes)
Event: 10.660 Thread 0x0000022bd1a0d000 nmethod 6963 0x0000022bbbd9ced0 code [0x0000022bbbd9d020, 0x0000022bbbd9d1f8]
Event: 10.663 Thread 0x0000022bd1a0d000 6974       1       org.apache.catalina.LifecycleState::getLifecycleEvent (5 bytes)
Event: 10.663 Thread 0x0000022bd1a0d000 nmethod 6974 0x0000022bbb10ee90 code [0x0000022bbb10efe0, 0x0000022bbb10f0f8]
Event: 10.669 Thread 0x0000022bd1a0d000 6976   !   2       sun.net.www.protocol.jar.JarFileFactory::getPermission (21 bytes)
Event: 10.669 Thread 0x0000022bd1a0d000 nmethod 6976 0x0000022bbbe6c210 code [0x0000022bbbe6c380, 0x0000022bbbe6c560]
Event: 10.682 Thread 0x0000022bd1a0d000 6977       2       java.nio.DirectByteBuffer::address (5 bytes)
Event: 10.682 Thread 0x0000022bd1a0d000 nmethod 6977 0x0000022bbb1e8690 code [0x0000022bbb1e87e0, 0x0000022bbb1e8938]

GC Heap History (10 events):
Event: 4.756 GC heap before
{Heap before GC invocations=10 (full 2):
 PSYoungGen      total 246272K, used 10168K [0x00000000d5580000, 0x00000000e5700000, 0x0000000100000000)
  eden space 236032K, 0% used [0x00000000d5580000,0x00000000d5580000,0x00000000e3c00000)
  from space 10240K, 99% used [0x00000000e4d00000,0x00000000e56ee300,0x00000000e5700000)
  to   space 13312K, 0% used [0x00000000e3d00000,0x00000000e3d00000,0x00000000e4a00000)
 ParOldGen       total 48128K, used 8189K [0x0000000080000000, 0x0000000082f00000, 0x00000000d5580000)
  object space 48128K, 17% used [0x0000000080000000,0x00000000807ff6b8,0x0000000082f00000)
 Metaspace       used 33090K, capacity 35302K, committed 35416K, reserved 1079296K
  class space    used 4229K, capacity 4641K, committed 4736K, reserved 1048576K
Event: 4.802 GC heap after
Heap after GC invocations=10 (full 2):
 PSYoungGen      total 246272K, used 0K [0x00000000d5580000, 0x00000000e5700000, 0x0000000100000000)
  eden space 236032K, 0% used [0x00000000d5580000,0x00000000d5580000,0x00000000e3c00000)
  from space 10240K, 0% used [0x00000000e4d00000,0x00000000e4d00000,0x00000000e5700000)
  to   space 13312K, 0% used [0x00000000e3d00000,0x00000000e3d00000,0x00000000e4a00000)
 ParOldGen       total 68608K, used 14976K [0x0000000080000000, 0x0000000084300000, 0x00000000d5580000)
  object space 68608K, 21% used [0x0000000080000000,0x0000000080ea01a8,0x0000000084300000)
 Metaspace       used 33090K, capacity 35302K, committed 35416K, reserved 1079296K
  class space    used 4229K, capacity 4641K, committed 4736K, reserved 1048576K
}
Event: 7.165 GC heap before
{Heap before GC invocations=11 (full 2):
 PSYoungGen      total 246272K, used 236032K [0x00000000d5580000, 0x00000000e5700000, 0x0000000100000000)
  eden space 236032K, 100% used [0x00000000d5580000,0x00000000e3c00000,0x00000000e3c00000)
  from space 10240K, 0% used [0x00000000e4d00000,0x00000000e4d00000,0x00000000e5700000)
  to   space 13312K, 0% used [0x00000000e3d00000,0x00000000e3d00000,0x00000000e4a00000)
 ParOldGen       total 68608K, used 14976K [0x0000000080000000, 0x0000000084300000, 0x00000000d5580000)
  object space 68608K, 21% used [0x0000000080000000,0x0000000080ea01a8,0x0000000084300000)
 Metaspace       used 47642K, capacity 50046K, committed 50264K, reserved 1093632K
  class space    used 6338K, capacity 6773K, committed 6784K, reserved 1048576K
Event: 7.192 GC heap after
Heap after GC invocations=11 (full 2):
 PSYoungGen      total 250368K, used 13308K [0x00000000d5580000, 0x00000000ec300000, 0x0000000100000000)
  eden space 237056K, 0% used [0x00000000d5580000,0x00000000d5580000,0x00000000e3d00000)
  from space 13312K, 99% used [0x00000000e3d00000,0x00000000e49ff138,0x00000000e4a00000)
  to   space 20480K, 0% used [0x00000000eaf00000,0x00000000eaf00000,0x00000000ec300000)
 ParOldGen       total 68608K, used 27892K [0x0000000080000000, 0x0000000084300000, 0x00000000d5580000)
  object space 68608K, 40% used [0x0000000080000000,0x0000000081b3d0e0,0x0000000084300000)
 Metaspace       used 47642K, capacity 50046K, committed 50264K, reserved 1093632K
  class space    used 6338K, capacity 6773K, committed 6784K, reserved 1048576K
}
Event: 9.195 GC heap before
{Heap before GC invocations=12 (full 2):
 PSYoungGen      total 250368K, used 250364K [0x00000000d5580000, 0x00000000ec300000, 0x0000000100000000)
  eden space 237056K, 100% used [0x00000000d5580000,0x00000000e3d00000,0x00000000e3d00000)
  from space 13312K, 99% used [0x00000000e3d00000,0x00000000e49ff138,0x00000000e4a00000)
  to   space 20480K, 0% used [0x00000000eaf00000,0x00000000eaf00000,0x00000000ec300000)
 ParOldGen       total 68608K, used 27892K [0x0000000080000000, 0x0000000084300000, 0x00000000d5580000)
  object space 68608K, 40% used [0x0000000080000000,0x0000000081b3d0e0,0x0000000084300000)
 Metaspace       used 53951K, capacity 57086K, committed 57304K, reserved 1099776K
  class space    used 7149K, capacity 7675K, committed 7680K, reserved 1048576K
Event: 9.241 GC heap after
Heap after GC invocations=12 (full 2):
 PSYoungGen      total 342016K, used 20475K [0x00000000d5580000, 0x00000000ed900000, 0x0000000100000000)
  eden space 321536K, 0% used [0x00000000d5580000,0x00000000d5580000,0x00000000e8f80000)
  from space 20480K, 99% used [0x00000000eaf00000,0x00000000ec2fecc8,0x00000000ec300000)
  to   space 32256K, 0% used [0x00000000e8f80000,0x00000000e8f80000,0x00000000eaf00000)
 ParOldGen       total 68608K, used 51074K [0x0000000080000000, 0x0000000084300000, 0x00000000d5580000)
  object space 68608K, 74% used [0x0000000080000000,0x00000000831e0a90,0x0000000084300000)
 Metaspace       used 53951K, capacity 57086K, committed 57304K, reserved 1099776K
  class space    used 7149K, capacity 7675K, committed 7680K, reserved 1048576K
}
Event: 9.993 GC heap before
{Heap before GC invocations=13 (full 2):
 PSYoungGen      total 342016K, used 126505K [0x00000000d5580000, 0x00000000ed900000, 0x0000000100000000)
  eden space 321536K, 32% used [0x00000000d5580000,0x00000000dbd0b908,0x00000000e8f80000)
  from space 20480K, 99% used [0x00000000eaf00000,0x00000000ec2fecc8,0x00000000ec300000)
  to   space 32256K, 0% used [0x00000000e8f80000,0x00000000e8f80000,0x00000000eaf00000)
 ParOldGen       total 68608K, used 51074K [0x0000000080000000, 0x0000000084300000, 0x00000000d5580000)
  object space 68608K, 74% used [0x0000000080000000,0x00000000831e0a90,0x0000000084300000)
 Metaspace       used 55657K, capacity 58992K, committed 59028K, reserved 1099776K
  class space    used 7341K, capacity 7902K, committed 7936K, reserved 1048576K
Event: 10.017 GC heap after
Heap after GC invocations=13 (full 2):
 PSYoungGen      total 353792K, used 3816K [0x00000000d5580000, 0x00000000f4b80000, 0x0000000100000000)
  eden space 321536K, 0% used [0x00000000d5580000,0x00000000d5580000,0x00000000e8f80000)
  from space 32256K, 11% used [0x00000000e8f80000,0x00000000e933a208,0x00000000eaf00000)
  to   space 31744K, 0% used [0x00000000f2c80000,0x00000000f2c80000,0x00000000f4b80000)
 ParOldGen       total 73216K, used 71483K [0x0000000080000000, 0x0000000084780000, 0x00000000d5580000)
  object space 73216K, 97% used [0x0000000080000000,0x00000000845cec58,0x0000000084780000)
 Metaspace       used 55657K, capacity 58992K, committed 59028K, reserved 1099776K
  class space    used 7341K, capacity 7902K, committed 7936K, reserved 1048576K
}
Event: 10.017 GC heap before
{Heap before GC invocations=14 (full 3):
 PSYoungGen      total 353792K, used 3816K [0x00000000d5580000, 0x00000000f4b80000, 0x0000000100000000)
  eden space 321536K, 0% used [0x00000000d5580000,0x00000000d5580000,0x00000000e8f80000)
  from space 32256K, 11% used [0x00000000e8f80000,0x00000000e933a208,0x00000000eaf00000)
  to   space 31744K, 0% used [0x00000000f2c80000,0x00000000f2c80000,0x00000000f4b80000)
 ParOldGen       total 73216K, used 71483K [0x0000000080000000, 0x0000000084780000, 0x00000000d5580000)
  object space 73216K, 97% used [0x0000000080000000,0x00000000845cec58,0x0000000084780000)
 Metaspace       used 55657K, capacity 58992K, committed 59028K, reserved 1099776K
  class space    used 7341K, capacity 7902K, committed 7936K, reserved 1048576K
Event: 10.243 GC heap after
Heap after GC invocations=14 (full 3):
 PSYoungGen      total 353792K, used 0K [0x00000000d5580000, 0x00000000f4b80000, 0x0000000100000000)
  eden space 321536K, 0% used [0x00000000d5580000,0x00000000d5580000,0x00000000e8f80000)
  from space 32256K, 0% used [0x00000000e8f80000,0x00000000e8f80000,0x00000000eaf00000)
  to   space 31744K, 0% used [0x00000000f2c80000,0x00000000f2c80000,0x00000000f4b80000)
 ParOldGen       total 73216K, used 56341K [0x0000000080000000, 0x0000000084780000, 0x00000000d5580000)
  object space 73216K, 76% used [0x0000000080000000,0x00000000837054e0,0x0000000084780000)
 Metaspace       used 55657K, capacity 58992K, committed 59028K, reserved 1099776K
  class space    used 7341K, capacity 7902K, committed 7936K, reserved 1048576K
}

Deoptimization events (10 events):
Event: 9.856 Thread 0x0000022bcf881800 Uncommon trap: reason=class_check action=maybe_recompile pc=0x0000022bbba98c6c method=java.lang.reflect.Method.equals(Ljava/lang/Object;)Z @ 5
Event: 9.856 Thread 0x0000022bcf881800 Uncommon trap: reason=class_check action=maybe_recompile pc=0x0000022bbba98c6c method=java.lang.reflect.Method.equals(Ljava/lang/Object;)Z @ 5
Event: 9.887 Thread 0x0000022bcf881800 Uncommon trap: reason=bimorphic action=maybe_recompile pc=0x0000022bbbcb93c8 method=java.lang.Throwable.<init>(Ljava/lang/String;Ljava/lang/Throwable;)V @ 24
Event: 9.991 Thread 0x0000022bcf881800 Uncommon trap: reason=unstable_if action=reinterpret pc=0x0000022bbbc62a88 method=java.lang.invoke.MethodType.checkPtypes([Ljava/lang/Class;)I @ 40
Event: 10.365 Thread 0x0000022bcf881800 Uncommon trap: reason=class_check action=maybe_recompile pc=0x0000022bbbc012d8 method=org.springframework.core.annotation.TypeMappedAnnotations$MergedAnnotationFinder.process(Ljava/lang/Object;ILjava/lang/Object;Ljava/lang/annotation/Annotation;)Lorg/spri
Event: 10.365 Thread 0x0000022bcf881800 Uncommon trap: reason=unstable_if action=reinterpret pc=0x0000022bbb781b18 method=org.springframework.util.AntPathMatcher.skipSegment(Ljava/lang/String;ILjava/lang/String;)I @ 60
Event: 10.372 Thread 0x0000022bcf881800 Uncommon trap: reason=class_check action=maybe_recompile pc=0x0000022bbba98c6c method=java.lang.reflect.Method.equals(Ljava/lang/Object;)Z @ 5
Event: 10.397 Thread 0x0000022bcf881800 Uncommon trap: reason=unstable_if action=reinterpret pc=0x0000022bbc250068 method=org.springframework.core.annotation.AnnotationsScanner.isWithoutHierarchy(Ljava/lang/reflect/AnnotatedElement;Lorg/springframework/core/annotation/MergedAnnotations$SearchSt
Event: 10.402 Thread 0x0000022bcf881800 Uncommon trap: reason=unstable_if action=reinterpret pc=0x0000022bbb576e90 method=java.util.concurrent.ConcurrentHashMap.transfer([Ljava/util/concurrent/ConcurrentHashMap$Node;[Ljava/util/concurrent/ConcurrentHashMap$Node;)V @ 356
Event: 10.505 Thread 0x0000022bcf881800 Uncommon trap: reason=unstable_if action=reinterpret pc=0x0000022bbb75127c method=java.util.IdentityHashMap.nextKeyIndex(II)I @ 4

Classes redefined (0 events):
No events

Internal exceptions (10 events):
Event: 9.843 Thread 0x0000022bcf881800 Exception <a 'java/lang/ClassNotFoundException': org/springframework/web/servlet/config/annotation/WebMvcConfigurationSupportCustomizer> (0x00000000dab40978) thrown at [C:\jenkins\workspace\8-2-build-windows-amd64-cygwin\jdk8u291\1294\hotspot\src\share\vm
Event: 9.844 Thread 0x0000022bcf881800 Exception <a 'java/lang/ClassNotFoundException': org/springframework/web/servlet/config/annotation/DelegatingWebMvcConfigurationCustomizer> (0x00000000dab75be8) thrown at [C:\jenkins\workspace\8-2-build-windows-amd64-cygwin\jdk8u291\1294\hotspot\src\share
Event: 9.844 Thread 0x0000022bcf881800 Exception <a 'java/lang/ClassNotFoundException': org/springframework/boot/autoconfigure/web/servlet/WebMvcAutoConfiguration$EnableWebMvcConfigurationCustomizer> (0x00000000dab9e188) thrown at [C:\jenkins\workspace\8-2-build-windows-amd64-cygwin\jdk8u291\1
Event: 9.845 Thread 0x0000022bcf881800 Exception <a 'java/lang/ClassNotFoundException': org/springframework/context/ResourceLoaderAwareCustomizer> (0x00000000dabc8380) thrown at [C:\jenkins\workspace\8-2-build-windows-amd64-cygwin\jdk8u291\1294\hotspot\src\share\vm\classfile\systemDictionary.c
Event: 9.846 Thread 0x0000022bcf881800 Exception <a 'java/lang/ClassNotFoundException': org/springframework/beans/factory/AwareCustomizer> (0x00000000dabdcbc8) thrown at [C:\jenkins\workspace\8-2-build-windows-amd64-cygwin\jdk8u291\1294\hotspot\src\share\vm\classfile\systemDictionary.cpp, line
Event: 9.846 Thread 0x0000022bcf881800 Exception <a 'java/lang/ClassNotFoundException': org/springframework/context/ApplicationContextAwareCustomizer> (0x00000000dabf35e8) thrown at [C:\jenkins\workspace\8-2-build-windows-amd64-cygwin\jdk8u291\1294\hotspot\src\share\vm\classfile\systemDictiona
Event: 9.847 Thread 0x0000022bcf881800 Exception <a 'java/lang/ClassNotFoundException': org/springframework/beans/factory/AwareCustomizer> (0x00000000dac083b8) thrown at [C:\jenkins\workspace\8-2-build-windows-amd64-cygwin\jdk8u291\1294\hotspot\src\share\vm\classfile\systemDictionary.cpp, line
Event: 9.847 Thread 0x0000022bcf881800 Exception <a 'java/lang/ClassNotFoundException': org/springframework/web/context/ServletContextAwareCustomizer> (0x00000000dac1edd0) thrown at [C:\jenkins\workspace\8-2-build-windows-amd64-cygwin\jdk8u291\1294\hotspot\src\share\vm\classfile\systemDictiona
Event: 9.848 Thread 0x0000022bcf881800 Exception <a 'java/lang/ClassNotFoundException': org/springframework/beans/factory/AwareCustomizer> (0x00000000dac33610) thrown at [C:\jenkins\workspace\8-2-build-windows-amd64-cygwin\jdk8u291\1294\hotspot\src\share\vm\classfile\systemDictionary.cpp, line
Event: 10.429 Thread 0x0000022bcf881800 Exception <a 'java/lang/IncompatibleClassChangeError': Found class java.lang.Object, but interface was expected> (0x00000000d63abc00) thrown at [C:\jenkins\workspace\8-2-build-windows-amd64-cygwin\jdk8u291\1294\hotspot\src\share\vm\interpreter\linkResolve

Events (10 events):
Event: 10.690 loading class org/apache/catalina/Wrapper
Event: 10.690 loading class org/apache/catalina/Wrapper done
Event: 10.690 loading class org/springframework/boot/web/embedded/tomcat/TomcatEmbeddedContext
Event: 10.690 loading class org/springframework/boot/web/embedded/tomcat/TomcatEmbeddedContext done
Event: 10.690 loading class org/apache/catalina/Container
Event: 10.690 loading class org/apache/catalina/Container done
Event: 10.690 loading class org/apache/catalina/Container
Event: 10.690 loading class org/apache/catalina/Container done
Event: 10.691 loading class org/springframework/boot/web/embedded/tomcat/TomcatEmbeddedContext
Event: 10.691 loading class org/springframework/boot/web/embedded/tomcat/TomcatEmbeddedContext done


Dynamic libraries:
0x00007ff67a540000 - 0x00007ff67a587000 	C:\Program Files\Java\jdk1.8.0_291\bin\java.exe
0x00007ffb1d5a0000 - 0x00007ffb1d790000 	C:\WINDOWS\SYSTEM32\ntdll.dll
0x00007ffb1d0b0000 - 0x00007ffb1d162000 	C:\WINDOWS\System32\KERNEL32.DLL
0x00007ffb1a5f0000 - 0x00007ffb1a895000 	C:\WINDOWS\System32\KERNELBASE.dll
0x00007ffb1d2f0000 - 0x00007ffb1d393000 	C:\WINDOWS\System32\ADVAPI32.dll
0x00007ffb1c200000 - 0x00007ffb1c29e000 	C:\WINDOWS\System32\msvcrt.dll
0x00007ffb1cd40000 - 0x00007ffb1cdd7000 	C:\WINDOWS\System32\sechost.dll
0x00007ffb1bc70000 - 0x00007ffb1bd8f000 	C:\WINDOWS\System32\RPCRT4.dll
0x00007ffb1d3c0000 - 0x00007ffb1d554000 	C:\WINDOWS\System32\USER32.dll
0x00007ffb1a9b0000 - 0x00007ffb1a9d1000 	C:\WINDOWS\System32\win32u.dll
0x00007ffb1bc30000 - 0x00007ffb1bc56000 	C:\WINDOWS\System32\GDI32.dll
0x00007ffb1b4b0000 - 0x00007ffb1b648000 	C:\WINDOWS\System32\gdi32full.dll
0x00007ffb1b2f0000 - 0x00007ffb1b38e000 	C:\WINDOWS\System32\msvcp_win.dll
0x00007ffb1b3b0000 - 0x00007ffb1b4aa000 	C:\WINDOWS\System32\ucrtbase.dll
0x00007ffb11490000 - 0x00007ffb11714000 	C:\WINDOWS\WinSxS\amd64_microsoft.windows.common-controls_6595b64144ccf1df_6.0.18362.1500_none_9e79be6de462295c\COMCTL32.dll
0x00007ffb1b730000 - 0x00007ffb1ba66000 	C:\WINDOWS\System32\combase.dll
0x00007ffb1a560000 - 0x00007ffb1a5e1000 	C:\WINDOWS\System32\bcryptPrimitives.dll
0x00007ffb1cfa0000 - 0x00007ffb1cfce000 	C:\WINDOWS\System32\IMM32.DLL
0x00007ffb14e10000 - 0x00007ffb14e25000 	C:\Program Files\Java\jdk1.8.0_291\jre\bin\vcruntime140.dll
0x00007ffb0a9a0000 - 0x00007ffb0aa3b000 	C:\Program Files\Java\jdk1.8.0_291\jre\bin\msvcp140.dll
0x000000005d450000 - 0x000000005dcb0000 	C:\Program Files\Java\jdk1.8.0_291\jre\bin\server\jvm.dll
0x00007ffb1c4c0000 - 0x00007ffb1c4c8000 	C:\WINDOWS\System32\PSAPI.DLL
0x00007ffb0ae70000 - 0x00007ffb0ae79000 	C:\WINDOWS\SYSTEM32\WSOCK32.dll
0x00007ffb12860000 - 0x00007ffb1286a000 	C:\WINDOWS\SYSTEM32\VERSION.dll
0x00007ffb15b50000 - 0x00007ffb15b74000 	C:\WINDOWS\SYSTEM32\WINMM.dll
0x00007ffb1c450000 - 0x00007ffb1c4bf000 	C:\WINDOWS\System32\WS2_32.dll
0x00007ffb15b20000 - 0x00007ffb15b4d000 	C:\WINDOWS\SYSTEM32\WINMMBASE.dll
0x00007ffb1a510000 - 0x00007ffb1a55a000 	C:\WINDOWS\System32\cfgmgr32.dll
0x00007ffb1a460000 - 0x00007ffb1a471000 	C:\WINDOWS\System32\kernel.appcore.dll
0x00007ffb14de0000 - 0x00007ffb14df0000 	C:\Program Files\Java\jdk1.8.0_291\jre\bin\verify.dll
0x00007ffb11010000 - 0x00007ffb1103b000 	C:\Program Files\Java\jdk1.8.0_291\jre\bin\java.dll
0x00007ffb0fc80000 - 0x00007ffb0fcb0000 	C:\Program Files\Java\jdk1.8.0_291\jre\bin\instrument.dll
0x00007ffb14d40000 - 0x00007ffb14d58000 	C:\Program Files\Java\jdk1.8.0_291\jre\bin\zip.dll
0x00007ffb1c4d0000 - 0x00007ffb1cbb8000 	C:\WINDOWS\System32\SHELL32.dll
0x00007ffb1d240000 - 0x00007ffb1d2e7000 	C:\WINDOWS\System32\shcore.dll
0x00007ffb1a9e0000 - 0x00007ffb1b15b000 	C:\WINDOWS\System32\windows.storage.dll
0x00007ffb1a480000 - 0x00007ffb1a49e000 	C:\WINDOWS\System32\profapi.dll
0x00007ffb1a4a0000 - 0x00007ffb1a4ea000 	C:\WINDOWS\System32\powrprof.dll
0x00007ffb1a450000 - 0x00007ffb1a460000 	C:\WINDOWS\System32\UMPDC.dll
0x00007ffb1d050000 - 0x00007ffb1d0a2000 	C:\WINDOWS\System32\shlwapi.dll
0x00007ffb1b390000 - 0x00007ffb1b3a7000 	C:\WINDOWS\System32\cryptsp.dll
0x00007ffb0fcd0000 - 0x00007ffb0fcea000 	C:\Program Files\JetBrains\IntelliJ IDEA Community Edition 2020.1.2\bin\breakgen64.dll
0x00007ffb10f30000 - 0x00007ffb10f4c000 	C:\Program Files\Java\jdk1.8.0_291\jre\bin\net.dll
0x00007ffb19c90000 - 0x00007ffb19cf7000 	C:\WINDOWS\system32\mswsock.dll
0x00007ffb160f0000 - 0x00007ffb160fd000 	C:\Program Files\Java\jdk1.8.0_291\jre\bin\management.dll
0x00007ffb03720000 - 0x00007ffb03736000 	C:\WINDOWS\system32\napinsp.dll
0x00007ffb03700000 - 0x00007ffb0371a000 	C:\WINDOWS\system32\pnrpnsp.dll
0x00007ffb199e0000 - 0x00007ffb19aab000 	C:\WINDOWS\SYSTEM32\DNSAPI.dll
0x00007ffb1bc60000 - 0x00007ffb1bc68000 	C:\WINDOWS\System32\NSI.dll
0x00007ffb199a0000 - 0x00007ffb199da000 	C:\WINDOWS\SYSTEM32\IPHLPAPI.DLL
0x00007ffb07eb0000 - 0x00007ffb07ebe000 	C:\WINDOWS\System32\winrnr.dll
0x00007ffb18460000 - 0x00007ffb1847c000 	C:\WINDOWS\system32\NLAapi.dll
0x00007ffb0aaf0000 - 0x00007ffb0ab05000 	C:\WINDOWS\system32\wshbth.dll
0x00007ffb12060000 - 0x00007ffb1206a000 	C:\Windows\System32\rasadhlp.dll
0x00007ffb13560000 - 0x00007ffb135d7000 	C:\WINDOWS\System32\fwpuclnt.dll
0x00007ffb1b160000 - 0x00007ffb1b186000 	C:\WINDOWS\System32\bcrypt.dll
0x00007ffb0bd40000 - 0x00007ffb0bd53000 	C:\Program Files\Java\jdk1.8.0_291\jre\bin\nio.dll
0x00007ffb19810000 - 0x00007ffb19843000 	C:\WINDOWS\system32\rsaenh.dll
0x00007ffb1a340000 - 0x00007ffb1a365000 	C:\WINDOWS\SYSTEM32\USERENV.dll
0x00007ffb19e60000 - 0x00007ffb19e6c000 	C:\WINDOWS\SYSTEM32\CRYPTBASE.dll
0x00007ffb13750000 - 0x00007ffb13766000 	C:\WINDOWS\SYSTEM32\dhcpcsvc6.DLL
0x00007ffb14500000 - 0x00007ffb1451c000 	C:\WINDOWS\SYSTEM32\dhcpcsvc.DLL
0x00007ffb0d1a0000 - 0x00007ffb0d394000 	C:\WINDOWS\SYSTEM32\dbghelp.dll

VM Arguments:
jvm_args: -javaagent:C:\Program Files\JetBrains\IntelliJ IDEA Community Edition 2020.1.2\lib\idea_rt.jar=49883:C:\Program Files\JetBrains\IntelliJ IDEA Community Edition 2020.1.2\bin -Dfile.encoding=UTF-8 
java_command: ciro.atc.AtcApplication
java_class_path (initial): C:\Program Files\Java\jdk1.8.0_291\jre\lib\charsets.jar;C:\Program Files\Java\jdk1.8.0_291\jre\lib\deploy.jar;C:\Program Files\Java\jdk1.8.0_291\jre\lib\ext\access-bridge-64.jar;C:\Program Files\Java\jdk1.8.0_291\jre\lib\ext\cldrdata.jar;C:\Program Files\Java\jdk1.8.0_291\jre\lib\ext\dnsns.jar;C:\Program Files\Java\jdk1.8.0_291\jre\lib\ext\jaccess.jar;C:\Program Files\Java\jdk1.8.0_291\jre\lib\ext\jfxrt.jar;C:\Program Files\Java\jdk1.8.0_291\jre\lib\ext\localedata.jar;C:\Program Files\Java\jdk1.8.0_291\jre\lib\ext\nashorn.jar;C:\Program Files\Java\jdk1.8.0_291\jre\lib\ext\sunec.jar;C:\Program Files\Java\jdk1.8.0_291\jre\lib\ext\sunjce_provider.jar;C:\Program Files\Java\jdk1.8.0_291\jre\lib\ext\sunmscapi.jar;C:\Program Files\Java\jdk1.8.0_291\jre\lib\ext\sunpkcs11.jar;C:\Program Files\Java\jdk1.8.0_291\jre\lib\ext\zipfs.jar;C:\Program Files\Java\jdk1.8.0_291\jre\lib\javaws.jar;C:\Program Files\Java\jdk1.8.0_291\jre\lib\jce.jar;C:\Program Files\Java\jdk1.8.0_291\jre\lib\jfr.jar;C:\Program Files\Java\jdk1.8.0_291\jre\lib\jfxswt.jar;C:\Program Files\Java\jdk1.8.0_291\jre\lib\jsse.jar;C:\Program Files\Java\jdk1.8.0_291\jre\lib\management-agent.jar;C:\Program Files\Java\jdk1.8.0_291\jre\lib\plugin.jar;C:\Program Files\Java\jdk1.8.0_291\jre\lib\resources.jar;C:\Program Files\Java\jdk1.8.0_291\jre\lib\rt.jar;C:\Users\desarrollo\Desktop\PROYECTOS\ciro\NEW---CIRO---Backend\target\classes;C:\Users\desarrollo\.m2\repository\org\springframework\boot\spring-boot-starter-data-jpa\2.5.5\spring-boot-starter-data-jpa-2.5.5.jar;C:\Users\desarrollo\.m2\repository\org\springframework\boot\spring-boot-starter-aop\2.5.5\spring-boot-starter-aop-2.5.5.jar;C:\Users\desarrollo\.m2\repository\org\springframework\spring-aop\5.3.10\spring-aop-5.3.10.jar;C:\Users\desarrollo\.m2\repository\org\aspectj\aspectjweaver\1.9.7\aspectjweaver-1.9.7.jar;C:\Users\desarrollo\.m2\repository\org\springframework\boot\spring-boot-starter-jdbc\2.5.5\spring-boot-starter-jdbc-2.5.5.jar;
Launcher Type: SUN_STANDARD

Environment Variables:
JAVA_HOME=C:\Program Files\Java\jdk1.8.0_291
PATH=C:\WINDOWS\system32;C:\WINDOWS;C:\WINDOWS\System32\Wbem;C:\WINDOWS\System32\WindowsPowerShell\v1.0\;C:\WINDOWS\System32\OpenSSH\;C:\python2.7\;C:\Program Files\Java\jdk1.8.0_291\bin;C:\apache-maven-3.6.3\bin;C:\Program Files\Git\cmd;C:\OpenSSL-Win64\bin;C:\Users\desarrollo\AppData\Roaming\nvm;C:\Program Files\nodejs;C:\ProgramData\chocolatey\bin;C:\Program Files\Microsoft SQL Server\130\Tools\Binn\;C:\Users\desarrollo\AppData\Local\Microsoft\WindowsApps;C:\Users\desarrollo\AppData\Local\Programs\Microsoft VS Code\bin;C:\Program Files\JetBrains\WebStorm 2020.1.2\bin;;C:\Program Files\JetBrains\PyCharm Community Edition 2020.2\bin;;C:\Python27;C:\Program Files\JetBrains\IntelliJ IDEA Community Edition 2020.1.2\bin;;C:\Users\desarrollo\AppData\Roaming\nvm;C:\Program Files\nodejs
USERNAME=desarrollo
OS=Windows_NT
PROCESSOR_IDENTIFIER=Intel64 Family 6 Model 63 Stepping 0, GenuineIntel



---------------  S Y S T E M  ---------------

OS: Windows 10.0 , 64 bit Build 18362 (10.0.18362.1500)

CPU:total 8 (initial active 8) (8 cores per cpu, 1 threads per core) family 6 model 63 stepping 0, cmov, cx8, fxsr, mmx, sse, sse2, sse3, ssse3, sse4.1, sse4.2, popcnt, avx, avx2, aes, clmul, erms, lzcnt, tsc, tscinvbit, bmi1, bmi2

Memory: 4k page, physical 8388016k(1365044k free), swap 13017404k(12980k free)

vm_info: Java HotSpot(TM) 64-Bit Server VM (25.291-b10) for windows-amd64 JRE (1.8.0_291-b10), built on Apr  9 2021 00:02:00 by "java_re" with MS VC++ 15.9 (VS2017)

time: Mon Dec 27 00:43:01 2021
timezone: Hora estándar oeste, Sudamérica
elapsed time: 10.839865 seconds (0d 0h 0m 10s)

