#
# There is insufficient memory for the Java Runtime Environment to continue.
# Native memory allocation (malloc) failed to allocate 32744 bytes for ChunkPool::allocate
# Possible reasons:
#   The system is out of physical RAM or swap space
#   The process is running with CompressedOops enabled, and the Java Heap may be blocking the growth of the native heap
# Possible solutions:
#   Reduce memory load on the system
#   Increase physical memory or swap space
#   Check if swap backing store is full
#   Decrease Java heap size (-Xmx/-Xms)
#   Decrease number of Java threads
#   Decrease Java thread stack sizes (-Xss)
#   Set larger code cache with -XX:ReservedCodeCacheSize=
#   JVM is running with Unscaled Compressed Oops mode in which the Java heap is
#     placed in the first 4GB address space. The Java Heap base address is the
#     maximum limit for the native heap growth. Please use -XX:HeapBaseMinAddress
#     to set the Java Heap base and to place the Java Heap above 4GB virtual address.
# This output file may be truncated or incomplete.
#
#  Out of Memory Error (allocation.cpp:272), pid=4784, tid=0x0000000000003638
#
# JRE version: Java(TM) SE Runtime Environment (8.0_291-b10) (build 1.8.0_291-b10)
# Java VM: Java HotSpot(TM) 64-Bit Server VM (25.291-b10 mixed mode windows-amd64 compressed oops)
# Failed to write core dump. Minidumps are not enabled by default on client versions of Windows
#

---------------  T H R E A D  ---------------

Current thread (0x00000268fbc58800):  JavaThread "restartedMain" [_thread_in_vm, id=13880, stack(0x0000006c16000000,0x0000006c16100000)]

Stack: [0x0000006c16000000,0x0000006c16100000]
Native frames: (J=compiled Java code, j=interpreted, Vv=VM code, C=native code)
V  [jvm.dll+0x32ea19]

Java frames: (J=compiled Java code, j=interpreted, Vv=VM code)
J 2498  java.lang.Class.getDeclaredMethods0(Z)[Ljava/lang/reflect/Method; (0 bytes) @ 0x00000268e52affbb [0x00000268e52aff80+0x3b]
J 1336 C1 java.lang.Class.privateGetDeclaredMethods(Z)[Ljava/lang/reflect/Method; (67 bytes) @ 0x00000268e50ca6c4 [0x00000268e50ca5c0+0x104]
J 2724 C1 java.lang.Class.getDeclaredMethods()[Ljava/lang/reflect/Method; (18 bytes) @ 0x00000268e53227c4 [0x00000268e5322760+0x64]
j  org.hibernate.annotations.common.reflection.java.JavaXClass.getDeclaredMethodProperties(Lorg/hibernate/annotations/common/reflection/Filter;)Ljava/util/List;+12
j  org.hibernate.annotations.common.reflection.java.JavaXClass.getDeclaredProperties(Ljava/lang/String;Lorg/hibernate/annotations/common/reflection/Filter;)Ljava/util/List;+26
j  org.hibernate.annotations.common.reflection.java.JavaXClass.getDeclaredProperties(Ljava/lang/String;)Ljava/util/List;+5
j  org.hibernate.cfg.InheritanceState.determineDefaultAccessType()Lorg/hibernate/cfg/AccessType;+158
j  org.hibernate.cfg.InheritanceState.getElementsToProcess()Lorg/hibernate/cfg/InheritanceState$ElementsToProcess;+51
j  org.hibernate.cfg.AnnotationBinder.bindClass(Lorg/hibernate/annotations/common/reflection/XClass;Ljava/util/Map;Lorg/hibernate/boot/spi/MetadataBuildingContext;)V+1301
j  org.hibernate.boot.model.source.internal.annotations.AnnotationMetadataSourceProcessorImpl.processEntityHierarchies(Ljava/util/Set;)V+84
j  org.hibernate.boot.model.process.spi.MetadataBuildingProcess$1.processEntityHierarchies(Ljava/util/Set;)V+63
j  org.hibernate.boot.model.process.spi.MetadataBuildingProcess.complete(Lorg/hibernate/boot/model/process/spi/ManagedResources;Lorg/hibernate/boot/spi/BootstrapContext;Lorg/hibernate/boot/spi/MetadataBuildingOptions;)Lorg/hibernate/boot/spi/MetadataImplementor;+199
j  org.hibernate.jpa.boot.internal.EntityManagerFactoryBuilderImpl.metadata()Lorg/hibernate/boot/spi/MetadataImplementor;+30
j  org.hibernate.jpa.boot.internal.EntityManagerFactoryBuilderImpl.build()Ljavax/persistence/EntityManagerFactory;+1
j  org.springframework.orm.jpa.vendor.SpringHibernateJpaPersistenceProvider.createContainerEntityManagerFactory(Ljavax/persistence/spi/PersistenceUnitInfo;Ljava/util/Map;)Ljavax/persistence/EntityManagerFactory;+55
j  org.springframework.orm.jpa.LocalContainerEntityManagerFactoryBean.createNativeEntityManagerFactory()Ljavax/persistence/EntityManagerFactory;+129
j  org.springframework.orm.jpa.AbstractEntityManagerFactoryBean.buildNativeEntityManagerFactory()Ljavax/persistence/EntityManagerFactory;+1
j  org.springframework.orm.jpa.AbstractEntityManagerFactoryBean.afterPropertiesSet()V+192
j  org.springframework.orm.jpa.LocalContainerEntityManagerFactoryBean.afterPropertiesSet()V+77
j  org.springframework.beans.factory.support.AbstractAutowireCapableBeanFactory.invokeInitMethods(Ljava/lang/String;Ljava/lang/Object;Lorg/springframework/beans/factory/support/RootBeanDefinition;)V+106
j  org.springframework.beans.factory.support.AbstractAutowireCapableBeanFactory.initializeBean(Ljava/lang/String;Ljava/lang/Object;Lorg/springframework/beans/factory/support/RootBeanDefinition;)Ljava/lang/Object;+59
j  org.springframework.beans.factory.support.AbstractAutowireCapableBeanFactory.doCreateBean(Ljava/lang/String;Lorg/springframework/beans/factory/support/RootBeanDefinition;[Ljava/lang/Object;)Ljava/lang/Object;+245
j  org.springframework.beans.factory.support.AbstractAutowireCapableBeanFactory.createBean(Ljava/lang/String;Lorg/springframework/beans/factory/support/RootBeanDefinition;[Ljava/lang/Object;)Ljava/lang/Object;+169
j  org.springframework.beans.factory.support.AbstractBeanFactory.lambda$doGetBean$0(Ljava/lang/String;Lorg/springframework/beans/factory/support/RootBeanDefinition;[Ljava/lang/Object;)Ljava/lang/Object;+4
j  org.springframework.beans.factory.support.AbstractBeanFactory$$Lambda$222.getObject()Ljava/lang/Object;+16
j  org.springframework.beans.factory.support.DefaultSingletonBeanRegistry.getSingleton(Ljava/lang/String;Lorg/springframework/beans/factory/ObjectFactory;)Ljava/lang/Object;+132
J 2455 C1 org.springframework.beans.factory.support.AbstractBeanFactory.doGetBean(Ljava/lang/String;Ljava/lang/Class;[Ljava/lang/Object;Z)Ljava/lang/Object; (832 bytes) @ 0x00000268e5295094 [0x00000268e5294ac0+0x5d4]
j  org.springframework.beans.factory.support.AbstractBeanFactory.getBean(Ljava/lang/String;)Ljava/lang/Object;+5
j  org.springframework.context.support.AbstractApplicationContext.getBean(Ljava/lang/String;)Ljava/lang/Object;+9
j  org.springframework.context.support.AbstractApplicationContext.finishBeanFactoryInitialization(Lorg/springframework/beans/factory/config/ConfigurableListableBeanFactory;)V+100
j  org.springframework.context.support.AbstractApplicationContext.refresh()V+86
j  org.springframework.boot.web.servlet.context.ServletWebServerApplicationContext.refresh()V+1
j  org.springframework.boot.SpringApplication.refresh(Lorg/springframework/context/ConfigurableApplicationContext;)V+1
j  org.springframework.boot.SpringApplication.refreshContext(Lorg/springframework/context/ConfigurableApplicationContext;)V+16
j  org.springframework.boot.SpringApplication.run([Ljava/lang/String;)Lorg/springframework/context/ConfigurableApplicationContext;+111
j  org.springframework.boot.SpringApplication.run([Ljava/lang/Class;[Ljava/lang/String;)Lorg/springframework/context/ConfigurableApplicationContext;+9
j  org.springframework.boot.SpringApplication.run(Ljava/lang/Class;[Ljava/lang/String;)Lorg/springframework/context/ConfigurableApplicationContext;+9
j  atc.riesgos.AtcApplication.main([Ljava/lang/String;)V+3
v  ~StubRoutines::call_stub
j  sun.reflect.NativeMethodAccessorImpl.invoke0(Ljava/lang/reflect/Method;Ljava/lang/Object;[Ljava/lang/Object;)Ljava/lang/Object;+0
j  sun.reflect.NativeMethodAccessorImpl.invoke(Ljava/lang/Object;[Ljava/lang/Object;)Ljava/lang/Object;+100
j  sun.reflect.DelegatingMethodAccessorImpl.invoke(Ljava/lang/Object;[Ljava/lang/Object;)Ljava/lang/Object;+6
j  java.lang.reflect.Method.invoke(Ljava/lang/Object;[Ljava/lang/Object;)Ljava/lang/Object;+56
j  org.springframework.boot.devtools.restart.RestartLauncher.run()V+42
v  ~StubRoutines::call_stub

---------------  P R O C E S S  ---------------

Java Threads: ( => current thread )
  0x00000268fb4c8000 JavaThread "atc.riesgos connection adder" daemon [_thread_blocked, id=1380, stack(0x0000006c16600000,0x0000006c16700000)]
  0x00000268fb4d4800 JavaThread "atc.riesgos housekeeper" daemon [_thread_blocked, id=4116, stack(0x0000006c16500000,0x0000006c16600000)]
  0x00000268fd6eb000 JavaThread "container-0" [_thread_blocked, id=4956, stack(0x0000006c16300000,0x0000006c16400000)]
  0x00000268fd6e9800 JavaThread "Catalina-utility-2" [_thread_blocked, id=13460, stack(0x0000006c16200000,0x0000006c16300000)]
  0x00000268fd6d6800 JavaThread "Catalina-utility-1" [_thread_blocked, id=12052, stack(0x0000006c16100000,0x0000006c16200000)]
=>0x00000268fbc58800 JavaThread "restartedMain" [_thread_in_vm, id=13880, stack(0x0000006c16000000,0x0000006c16100000)]
  0x00000268fbc4e800 JavaThread "Thread-0" [_thread_blocked, id=13892, stack(0x0000006c15f00000,0x0000006c16000000)]
  0x00000268fb448800 JavaThread "Service Thread" daemon [_thread_blocked, id=13600, stack(0x0000006c15d00000,0x0000006c15e00000)]
  0x00000268f95d7800 JavaThread "C1 CompilerThread3" daemon [_thread_in_native, id=10172, stack(0x0000006c15c00000,0x0000006c15d00000)]
  0x00000268f95d4000 JavaThread "C2 CompilerThread2" daemon [_thread_blocked, id=3060, stack(0x0000006c15b00000,0x0000006c15c00000)]
  0x00000268f95c9800 JavaThread "C2 CompilerThread1" daemon [_thread_blocked, id=13828, stack(0x0000006c15a00000,0x0000006c15b00000)]
  0x00000268f95c5000 JavaThread "C2 CompilerThread0" daemon [_thread_blocked, id=5084, stack(0x0000006c15900000,0x0000006c15a00000)]
  0x00000268f95c3800 JavaThread "Attach Listener" daemon [_thread_blocked, id=7096, stack(0x0000006c15800000,0x0000006c15900000)]
  0x00000268f95c1800 JavaThread "Signal Dispatcher" daemon [_thread_blocked, id=10964, stack(0x0000006c15700000,0x0000006c15800000)]
  0x00000268f959b800 JavaThread "Finalizer" daemon [_thread_blocked, id=12500, stack(0x0000006c15600000,0x0000006c15700000)]
  0x00000268f9593800 JavaThread "Reference Handler" daemon [_thread_blocked, id=14072, stack(0x0000006c15500000,0x0000006c15600000)]
  0x00000268e33d8000 JavaThread "main" [_thread_blocked, id=5516, stack(0x0000006c14b00000,0x0000006c14c00000)]

Other Threads:
  0x00000268f956a000 VMThread [stack: 0x0000006c15400000,0x0000006c15500000] [id=9028]
  0x00000268f963c800 WatcherThread [stack: 0x0000006c15e00000,0x0000006c15f00000] [id=4996]

VM state:not at safepoint (normal execution)

VM Mutex/Monitor currently owned by a thread: None

heap address: 0x0000000080000000, size: 2048 MB, Compressed Oops mode: 32-bit
Narrow klass base: 0x0000000000000000, Narrow klass shift: 3
Compressed class space size: 1073741824 Address: 0x0000000100000000

Heap:
 PSYoungGen      total 141312K, used 26680K [0x00000000d5580000, 0x00000000ded80000, 0x0000000100000000)
  eden space 131584K, 20% used [0x00000000d5580000,0x00000000d6f8e258,0x00000000dd600000)
  from space 9728K, 0% used [0x00000000de100000,0x00000000de100000,0x00000000dea80000)
  to   space 11264K, 0% used [0x00000000dd600000,0x00000000dd600000,0x00000000de100000)
 ParOldGen       total 91136K, used 18069K [0x0000000080000000, 0x0000000085900000, 0x00000000d5580000)
  object space 91136K, 19% used [0x0000000080000000,0x00000000811a54b0,0x0000000085900000)
 Metaspace       used 35445K, capacity 37890K, committed 38144K, reserved 1083392K
  class space    used 4922K, capacity 5349K, committed 5376K, reserved 1048576K

Card table byte_map: [0x00000268f4180000,0x00000268f4590000] byte_map_base: 0x00000268f3d80000

Marking Bits: (ParMarkBitMap*) 0x000000006b067fe0
 Begin Bits: [0x00000268f4840000, 0x00000268f6840000)
 End Bits:   [0x00000268f6840000, 0x00000268f8840000)

Polling page: 0x00000268e3370000

CodeCache: size=245760Kb used=7289Kb max_used=7289Kb free=238470Kb
 bounds [0x00000268e4dc0000, 0x00000268e54e0000, 0x00000268f3dc0000]
 total_blobs=4169 nmethods=3725 adapters=355
 compilation: enabled

Compilation events (10 events):
Event: 6.291 Thread 0x00000268f95d7800 nmethod 3721 0x00000268e54dd390 code [0x00000268e54dd4e0, 0x00000268e54dd6b8]
Event: 6.291 Thread 0x00000268f95d7800 3722       1       org.hibernate.annotations.common.reflection.java.JavaXMember::<init> (27 bytes)
Event: 6.291 Thread 0x00000268f95d7800 nmethod 3722 0x00000268e54dd750 code [0x00000268e54dd8a0, 0x00000268e54dda78]
Event: 6.291 Thread 0x00000268f95d7800 3723       1       java.lang.reflect.Field::equals (57 bytes)
Event: 6.291 Thread 0x00000268f95d7800 nmethod 3723 0x00000268e54ddb10 code [0x00000268e54ddc60, 0x00000268e54dde58]
Event: 6.292 Thread 0x00000268f95d7800 3724       1       org.hibernate.annotations.common.reflection.java.JavaXMember::isTypeResolved (8 bytes)
Event: 6.292 Thread 0x00000268f95d7800 nmethod 3724 0x00000268e54ddf10 code [0x00000268e54de080, 0x00000268e54de250]
Event: 6.292 Thread 0x00000268f95d7800 3725       1       org.hibernate.annotations.common.reflection.java.JavaXType::isResolved (8 bytes)
Event: 6.292 Thread 0x00000268f95d7800 nmethod 3725 0x00000268e54de390 code [0x00000268e54de500, 0x00000268e54de6d0]
Event: 6.292 Thread 0x00000268f95d7800 3726       1       org.hibernate.cfg.AnnotationBinder::processElementAnnotations (4602 bytes)

GC Heap History (10 events):
Event: 2.577 GC heap before
{Heap before GC invocations=6 (full 0):
 PSYoungGen      total 71680K, used 52202K [0x00000000d5580000, 0x00000000dea80000, 0x0000000100000000)
  eden space 66560K, 70% used [0x00000000d5580000,0x00000000d837c688,0x00000000d9680000)
  from space 5120K, 99% used [0x00000000d9680000,0x00000000d9b7e430,0x00000000d9b80000)
  to   space 9728K, 0% used [0x00000000de100000,0x00000000de100000,0x00000000dea80000)
 ParOldGen       total 87552K, used 6130K [0x0000000080000000, 0x0000000085580000, 0x00000000d5580000)
  object space 87552K, 7% used [0x0000000080000000,0x00000000805fc9b8,0x0000000085580000)
 Metaspace       used 19862K, capacity 21142K, committed 21248K, reserved 1067008K
  class space    used 2651K, capacity 2975K, committed 3072K, reserved 1048576K
Event: 2.587 GC heap after
Heap after GC invocations=6 (full 0):
 PSYoungGen      total 141312K, used 9221K [0x00000000d5580000, 0x00000000ded80000, 0x0000000100000000)
  eden space 131584K, 0% used [0x00000000d5580000,0x00000000d5580000,0x00000000dd600000)
  from space 9728K, 94% used [0x00000000de100000,0x00000000dea01718,0x00000000dea80000)
  to   space 11264K, 0% used [0x00000000dd600000,0x00000000dd600000,0x00000000de100000)
 ParOldGen       total 87552K, used 6138K [0x0000000080000000, 0x0000000085580000, 0x00000000d5580000)
  object space 87552K, 7% used [0x0000000080000000,0x00000000805fe9b8,0x0000000085580000)
 Metaspace       used 19862K, capacity 21142K, committed 21248K, reserved 1067008K
  class space    used 2651K, capacity 2975K, committed 3072K, reserved 1048576K
}
Event: 2.587 GC heap before
{Heap before GC invocations=7 (full 1):
 PSYoungGen      total 141312K, used 9221K [0x00000000d5580000, 0x00000000ded80000, 0x0000000100000000)
  eden space 131584K, 0% used [0x00000000d5580000,0x00000000d5580000,0x00000000dd600000)
  from space 9728K, 94% used [0x00000000de100000,0x00000000dea01718,0x00000000dea80000)
  to   space 11264K, 0% used [0x00000000dd600000,0x00000000dd600000,0x00000000de100000)
 ParOldGen       total 87552K, used 6138K [0x0000000080000000, 0x0000000085580000, 0x00000000d5580000)
  object space 87552K, 7% used [0x0000000080000000,0x00000000805fe9b8,0x0000000085580000)
 Metaspace       used 19862K, capacity 21142K, committed 21248K, reserved 1067008K
  class space    used 2651K, capacity 2975K, committed 3072K, reserved 1048576K
Event: 2.617 GC heap after
Heap after GC invocations=7 (full 1):
 PSYoungGen      total 141312K, used 0K [0x00000000d5580000, 0x00000000ded80000, 0x0000000100000000)
  eden space 131584K, 0% used [0x00000000d5580000,0x00000000d5580000,0x00000000dd600000)
  from space 9728K, 0% used [0x00000000de100000,0x00000000de100000,0x00000000dea80000)
  to   space 11264K, 0% used [0x00000000dd600000,0x00000000dd600000,0x00000000de100000)
 ParOldGen       total 58880K, used 10445K [0x0000000080000000, 0x0000000083980000, 0x00000000d5580000)
  object space 58880K, 17% used [0x0000000080000000,0x0000000080a33460,0x0000000083980000)
 Metaspace       used 19862K, capacity 21142K, committed 21248K, reserved 1067008K
  class space    used 2651K, capacity 2975K, committed 3072K, reserved 1048576K
}
Event: 4.041 GC heap before
{Heap before GC invocations=8 (full 1):
 PSYoungGen      total 141312K, used 131584K [0x00000000d5580000, 0x00000000ded80000, 0x0000000100000000)
  eden space 131584K, 100% used [0x00000000d5580000,0x00000000dd600000,0x00000000dd600000)
  from space 9728K, 0% used [0x00000000de100000,0x00000000de100000,0x00000000dea80000)
  to   space 11264K, 0% used [0x00000000dd600000,0x00000000dd600000,0x00000000de100000)
 ParOldGen       total 58880K, used 10445K [0x0000000080000000, 0x0000000083980000, 0x00000000d5580000)
  object space 58880K, 17% used [0x0000000080000000,0x0000000080a33460,0x0000000083980000)
 Metaspace       used 26072K, capacity 28150K, committed 28288K, reserved 1073152K
  class space    used 3559K, capacity 3937K, committed 3968K, reserved 1048576K
Event: 4.055 GC heap after
Heap after GC invocations=8 (full 1):
 PSYoungGen      total 142848K, used 9520K [0x00000000d5580000, 0x00000000ded80000, 0x0000000100000000)
  eden space 131584K, 0% used [0x00000000d5580000,0x00000000d5580000,0x00000000dd600000)
  from space 11264K, 84% used [0x00000000dd600000,0x00000000ddf4c050,0x00000000de100000)
  to   space 9728K, 0% used [0x00000000de100000,0x00000000de100000,0x00000000dea80000)
 ParOldGen       total 58880K, used 10453K [0x0000000080000000, 0x0000000083980000, 0x00000000d5580000)
  object space 58880K, 17% used [0x0000000080000000,0x0000000080a35460,0x0000000083980000)
 Metaspace       used 26072K, capacity 28150K, committed 28288K, reserved 1073152K
  class space    used 3559K, capacity 3937K, committed 3968K, reserved 1048576K
}
Event: 5.496 GC heap before
{Heap before GC invocations=9 (full 1):
 PSYoungGen      total 142848K, used 97610K [0x00000000d5580000, 0x00000000ded80000, 0x0000000100000000)
  eden space 131584K, 66% used [0x00000000d5580000,0x00000000dab86b90,0x00000000dd600000)
  from space 11264K, 84% used [0x00000000dd600000,0x00000000ddf4c050,0x00000000de100000)
  to   space 9728K, 0% used [0x00000000de100000,0x00000000de100000,0x00000000dea80000)
 ParOldGen       total 58880K, used 10453K [0x0000000080000000, 0x0000000083980000, 0x00000000d5580000)
  object space 58880K, 17% used [0x0000000080000000,0x0000000080a35460,0x0000000083980000)
 Metaspace       used 32935K, capacity 35268K, committed 35416K, reserved 1079296K
  class space    used 4601K, capacity 5034K, committed 5120K, reserved 1048576K
Event: 5.508 GC heap after
Heap after GC invocations=9 (full 1):
 PSYoungGen      total 141312K, used 9715K [0x00000000d5580000, 0x00000000ded80000, 0x0000000100000000)
  eden space 131584K, 0% used [0x00000000d5580000,0x00000000d5580000,0x00000000dd600000)
  from space 9728K, 99% used [0x00000000de100000,0x00000000dea7ce48,0x00000000dea80000)
  to   space 11264K, 0% used [0x00000000dd600000,0x00000000dd600000,0x00000000de100000)
 ParOldGen       total 58880K, used 12636K [0x0000000080000000, 0x0000000083980000, 0x00000000d5580000)
  object space 58880K, 21% used [0x0000000080000000,0x0000000080c57040,0x0000000083980000)
 Metaspace       used 32935K, capacity 35268K, committed 35416K, reserved 1079296K
  class space    used 4601K, capacity 5034K, committed 5120K, reserved 1048576K
}
Event: 5.508 GC heap before
{Heap before GC invocations=10 (full 2):
 PSYoungGen      total 141312K, used 9715K [0x00000000d5580000, 0x00000000ded80000, 0x0000000100000000)
  eden space 131584K, 0% used [0x00000000d5580000,0x00000000d5580000,0x00000000dd600000)
  from space 9728K, 99% used [0x00000000de100000,0x00000000dea7ce48,0x00000000dea80000)
  to   space 11264K, 0% used [0x00000000dd600000,0x00000000dd600000,0x00000000de100000)
 ParOldGen       total 58880K, used 12636K [0x0000000080000000, 0x0000000083980000, 0x00000000d5580000)
  object space 58880K, 21% used [0x0000000080000000,0x0000000080c57040,0x0000000083980000)
 Metaspace       used 32935K, capacity 35268K, committed 35416K, reserved 1079296K
  class space    used 4601K, capacity 5034K, committed 5120K, reserved 1048576K
Event: 5.580 GC heap after
Heap after GC invocations=10 (full 2):
 PSYoungGen      total 141312K, used 0K [0x00000000d5580000, 0x00000000ded80000, 0x0000000100000000)
  eden space 131584K, 0% used [0x00000000d5580000,0x00000000d5580000,0x00000000dd600000)
  from space 9728K, 0% used [0x00000000de100000,0x00000000de100000,0x00000000dea80000)
  to   space 11264K, 0% used [0x00000000dd600000,0x00000000dd600000,0x00000000de100000)
 ParOldGen       total 91136K, used 18069K [0x0000000080000000, 0x0000000085900000, 0x00000000d5580000)
  object space 91136K, 19% used [0x0000000080000000,0x00000000811a54b0,0x0000000085900000)
 Metaspace       used 32935K, capacity 35268K, committed 35416K, reserved 1079296K
  class space    used 4601K, capacity 5034K, committed 5120K, reserved 1048576K
}

Deoptimization events (0 events):
No events

Classes redefined (0 events):
No events

Internal exceptions (10 events):
Event: 6.293 Thread 0x00000268fbc58800 Exception <a 'java/lang/ArrayIndexOutOfBoundsException'> (0x00000000d6d617e8) thrown at [C:\jenkins\workspace\8-2-build-windows-amd64-cygwin\jdk8u291\1294\hotspot\src\share\vm\runtime\sharedRuntime.cpp, line 609]
Event: 6.293 Thread 0x00000268fbc58800 Exception <a 'java/lang/ArrayIndexOutOfBoundsException'> (0x00000000d6d62888) thrown at [C:\jenkins\workspace\8-2-build-windows-amd64-cygwin\jdk8u291\1294\hotspot\src\share\vm\runtime\sharedRuntime.cpp, line 609]
Event: 6.294 Thread 0x00000268fbc58800 Exception <a 'java/lang/ArrayIndexOutOfBoundsException'> (0x00000000d6d6d5e8) thrown at [C:\jenkins\workspace\8-2-build-windows-amd64-cygwin\jdk8u291\1294\hotspot\src\share\vm\runtime\sharedRuntime.cpp, line 609]
Event: 6.294 Thread 0x00000268fbc58800 Exception <a 'java/lang/ArrayIndexOutOfBoundsException'> (0x00000000d6d6e308) thrown at [C:\jenkins\workspace\8-2-build-windows-amd64-cygwin\jdk8u291\1294\hotspot\src\share\vm\runtime\sharedRuntime.cpp, line 609]
Event: 6.294 Thread 0x00000268fbc58800 Exception <a 'java/lang/ArrayIndexOutOfBoundsException'> (0x00000000d6d6efe0) thrown at [C:\jenkins\workspace\8-2-build-windows-amd64-cygwin\jdk8u291\1294\hotspot\src\share\vm\runtime\sharedRuntime.cpp, line 609]
Event: 6.294 Thread 0x00000268fbc58800 Exception <a 'java/lang/ArrayIndexOutOfBoundsException'> (0x00000000d6d6ff20) thrown at [C:\jenkins\workspace\8-2-build-windows-amd64-cygwin\jdk8u291\1294\hotspot\src\share\vm\runtime\sharedRuntime.cpp, line 609]
Event: 6.294 Thread 0x00000268fbc58800 Exception <a 'java/lang/ArrayIndexOutOfBoundsException'> (0x00000000d6d70ea8) thrown at [C:\jenkins\workspace\8-2-build-windows-amd64-cygwin\jdk8u291\1294\hotspot\src\share\vm\runtime\sharedRuntime.cpp, line 609]
Event: 6.294 Thread 0x00000268fbc58800 Exception <a 'java/lang/ArrayIndexOutOfBoundsException'> (0x00000000d6d71bc8) thrown at [C:\jenkins\workspace\8-2-build-windows-amd64-cygwin\jdk8u291\1294\hotspot\src\share\vm\runtime\sharedRuntime.cpp, line 609]
Event: 6.294 Thread 0x00000268fbc58800 Exception <a 'java/lang/ArrayIndexOutOfBoundsException'> (0x00000000d6d728a0) thrown at [C:\jenkins\workspace\8-2-build-windows-amd64-cygwin\jdk8u291\1294\hotspot\src\share\vm\runtime\sharedRuntime.cpp, line 609]
Event: 6.294 Thread 0x00000268fbc58800 Exception <a 'java/lang/ArrayIndexOutOfBoundsException'> (0x00000000d6d737e0) thrown at [C:\jenkins\workspace\8-2-build-windows-amd64-cygwin\jdk8u291\1294\hotspot\src\share\vm\runtime\sharedRuntime.cpp, line 609]

Events (10 events):
Event: 6.241 loading class org/hibernate/cfg/annotations/CollectionBinder$1
Event: 6.241 loading class org/hibernate/cfg/annotations/CollectionBinder$1 done
Event: 6.241 loading class org/hibernate/cfg/CollectionSecondPass
Event: 6.241 loading class org/hibernate/cfg/CollectionSecondPass done
Event: 6.241 loading class org/hibernate/internal/CoreMessageLogger_$logger_es_ES
Event: 6.241 loading class org/hibernate/internal/CoreMessageLogger_$logger_es_ES done
Event: 6.241 loading class org/hibernate/internal/CoreMessageLogger_$logger_es
Event: 6.241 loading class org/hibernate/internal/CoreMessageLogger_$logger_es done
Event: 6.242 loading class org/hibernate/boot/model/source/internal/ImplicitColumnNamingSecondPass
Event: 6.242 loading class org/hibernate/boot/model/source/internal/ImplicitColumnNamingSecondPass done


Dynamic libraries:
0x00007ff6edbd0000 - 0x00007ff6edc17000 	C:\Program Files\Java\jdk1.8.0_291\jre\bin\java.exe
0x00007ffc69620000 - 0x00007ffc69810000 	C:\WINDOWS\SYSTEM32\ntdll.dll
0x00007ffc691c0000 - 0x00007ffc69272000 	C:\WINDOWS\System32\KERNEL32.DLL
0x00007ffc66590000 - 0x00007ffc66835000 	C:\WINDOWS\System32\KERNELBASE.dll
0x00007ffc68ff0000 - 0x00007ffc69093000 	C:\WINDOWS\System32\ADVAPI32.dll
0x00007ffc68380000 - 0x00007ffc6841e000 	C:\WINDOWS\System32\msvcrt.dll
0x00007ffc68700000 - 0x00007ffc68797000 	C:\WINDOWS\System32\sechost.dll
0x00007ffc690a0000 - 0x00007ffc691bf000 	C:\WINDOWS\System32\RPCRT4.dll
0x00007ffc68560000 - 0x00007ffc686f4000 	C:\WINDOWS\System32\USER32.dll
0x00007ffc668d0000 - 0x00007ffc668f1000 	C:\WINDOWS\System32\win32u.dll
0x00007ffc68500000 - 0x00007ffc68526000 	C:\WINDOWS\System32\GDI32.dll
0x00007ffc66900000 - 0x00007ffc66a98000 	C:\WINDOWS\System32\gdi32full.dll
0x00007ffc66aa0000 - 0x00007ffc66b3e000 	C:\WINDOWS\System32\msvcp_win.dll
0x00007ffc66b40000 - 0x00007ffc66c3a000 	C:\WINDOWS\System32\ucrtbase.dll
0x00007ffc5e0d0000 - 0x00007ffc5e354000 	C:\WINDOWS\WinSxS\amd64_microsoft.windows.common-controls_6595b64144ccf1df_6.0.18362.1500_none_9e79be6de462295c\COMCTL32.dll
0x00007ffc67bd0000 - 0x00007ffc67f06000 	C:\WINDOWS\System32\combase.dll
0x00007ffc66840000 - 0x00007ffc668c1000 	C:\WINDOWS\System32\bcryptPrimitives.dll
0x00007ffc69530000 - 0x00007ffc6955e000 	C:\WINDOWS\System32\IMM32.DLL
0x00007ffc644c0000 - 0x00007ffc644d5000 	C:\Program Files\Java\jdk1.8.0_291\jre\bin\vcruntime140.dll
0x00007ffc52890000 - 0x00007ffc5292b000 	C:\Program Files\Java\jdk1.8.0_291\jre\bin\msvcp140.dll
0x000000006a880000 - 0x000000006b0e0000 	C:\Program Files\Java\jdk1.8.0_291\jre\bin\server\jvm.dll
0x00007ffc684f0000 - 0x00007ffc684f8000 	C:\WINDOWS\System32\PSAPI.DLL
0x00007ffc5ddd0000 - 0x00007ffc5ddda000 	C:\WINDOWS\SYSTEM32\VERSION.dll
0x00007ffc62f20000 - 0x00007ffc62f44000 	C:\WINDOWS\SYSTEM32\WINMM.dll
0x00007ffc644f0000 - 0x00007ffc644f9000 	C:\WINDOWS\SYSTEM32\WSOCK32.dll
0x00007ffc694c0000 - 0x00007ffc6952f000 	C:\WINDOWS\System32\WS2_32.dll
0x00007ffc62ef0000 - 0x00007ffc62f1d000 	C:\WINDOWS\SYSTEM32\winmmbase.dll
0x00007ffc66da0000 - 0x00007ffc66dea000 	C:\WINDOWS\System32\cfgmgr32.dll
0x00007ffc664e0000 - 0x00007ffc664f1000 	C:\WINDOWS\System32\kernel.appcore.dll
0x00007ffc5d9f0000 - 0x00007ffc5da00000 	C:\Program Files\Java\jdk1.8.0_291\jre\bin\verify.dll
0x00007ffc5d8f0000 - 0x00007ffc5d91b000 	C:\Program Files\Java\jdk1.8.0_291\jre\bin\java.dll
0x00007ffc5d8d0000 - 0x00007ffc5d8e8000 	C:\Program Files\Java\jdk1.8.0_291\jre\bin\zip.dll
0x00007ffc687a0000 - 0x00007ffc68e88000 	C:\WINDOWS\System32\SHELL32.dll
0x00007ffc692e0000 - 0x00007ffc69387000 	C:\WINDOWS\System32\shcore.dll
0x00007ffc66e50000 - 0x00007ffc675cb000 	C:\WINDOWS\System32\windows.storage.dll
0x00007ffc66500000 - 0x00007ffc6651e000 	C:\WINDOWS\System32\profapi.dll
0x00007ffc66540000 - 0x00007ffc6658a000 	C:\WINDOWS\System32\powrprof.dll
0x00007ffc664d0000 - 0x00007ffc664e0000 	C:\WINDOWS\System32\UMPDC.dll
0x00007ffc67af0000 - 0x00007ffc67b42000 	C:\WINDOWS\System32\shlwapi.dll
0x00007ffc675d0000 - 0x00007ffc675e7000 	C:\WINDOWS\System32\cryptsp.dll
0x00007ffc5a530000 - 0x00007ffc5a53d000 	C:\Program Files\Java\jdk1.8.0_291\jre\bin\management.dll
0x00007ffc5d7f0000 - 0x00007ffc5d80c000 	C:\Program Files\Java\jdk1.8.0_291\jre\bin\net.dll
0x00007ffc65d10000 - 0x00007ffc65d77000 	C:\WINDOWS\system32\mswsock.dll
0x00007ffc58d10000 - 0x00007ffc58d26000 	C:\WINDOWS\system32\napinsp.dll
0x00007ffc58ae0000 - 0x00007ffc58afa000 	C:\WINDOWS\system32\pnrpnsp.dll
0x00007ffc65a60000 - 0x00007ffc65b2b000 	C:\WINDOWS\SYSTEM32\DNSAPI.dll
0x00007ffc677f0000 - 0x00007ffc677f8000 	C:\WINDOWS\System32\NSI.dll
0x00007ffc65a20000 - 0x00007ffc65a5a000 	C:\WINDOWS\SYSTEM32\IPHLPAPI.DLL
0x00007ffc5cd90000 - 0x00007ffc5cd9e000 	C:\WINDOWS\System32\winrnr.dll
0x00007ffc64480000 - 0x00007ffc6449c000 	C:\WINDOWS\system32\NLAapi.dll
0x00007ffc56330000 - 0x00007ffc56345000 	C:\WINDOWS\system32\wshbth.dll
0x00007ffc5e4a0000 - 0x00007ffc5e4aa000 	C:\Windows\System32\rasadhlp.dll
0x00007ffc5ea10000 - 0x00007ffc5ea87000 	C:\WINDOWS\System32\fwpuclnt.dll
0x00007ffc676a0000 - 0x00007ffc676c6000 	C:\WINDOWS\System32\bcrypt.dll
0x00007ffc5d730000 - 0x00007ffc5d743000 	C:\Program Files\Java\jdk1.8.0_291\jre\bin\nio.dll
0x00007ffc5f430000 - 0x00007ffc5f446000 	C:\WINDOWS\SYSTEM32\dhcpcsvc6.DLL
0x00007ffc62ab0000 - 0x00007ffc62acc000 	C:\WINDOWS\SYSTEM32\dhcpcsvc.DLL
0x00007ffc65890000 - 0x00007ffc658c3000 	C:\WINDOWS\system32\rsaenh.dll
0x00007ffc663f0000 - 0x00007ffc66415000 	C:\WINDOWS\SYSTEM32\USERENV.dll
0x00007ffc65ee0000 - 0x00007ffc65eec000 	C:\WINDOWS\SYSTEM32\CRYPTBASE.dll

VM Arguments:
jvm_args: -Xverify:none -XX:TieredStopAtLevel=1 
java_command: atc.riesgos.AtcApplication
java_class_path (initial): C:\Users\desarrollo\Desktop\PROYECTOS\ciro\NEW---CIRO---Backend\target\classes;C:\Users\desarrollo\.m2\repository\org\aspectj\aspectjweaver\1.9.6\aspectjweaver-1.9.6.jar;C:\Users\desarrollo\.m2\repository\com\zaxxer\HikariCP\4.0.3\HikariCP-4.0.3.jar;C:\Users\desarrollo\.m2\repository\org\springframework\spring-jdbc\5.3.8\spring-jdbc-5.3.8.jar;C:\Users\desarrollo\.m2\repository\jakarta\transaction\jakarta.transaction-api\1.3.3\jakarta.transaction-api-1.3.3.jar;C:\Users\desarrollo\.m2\repository\jakarta\persistence\jakarta.persistence-api\2.2.3\jakarta.persistence-api-2.2.3.jar;C:\Users\desarrollo\.m2\repository\org\hibernate\hibernate-core\5.4.32.Final\hibernate-core-5.4.32.Final.jar;C:\Users\desarrollo\.m2\repository\org\jboss\logging\jboss-logging\3.4.2.Final\jboss-logging-3.4.2.Final.jar;C:\Users\desarrollo\.m2\repository\org\javassist\javassist\3.27.0-GA\javassist-3.27.0-GA.jar;C:\Users\desarrollo\.m2\repository\net\bytebuddy\byte-buddy\1.10.22\byte-buddy-1.10.22.jar;C:\Users\desarrollo\.m2\repository\antlr\antlr\2.7.7\antlr-2.7.7.jar;C:\Users\desarrollo\.m2\repository\org\jboss\jandex\2.2.3.Final\jandex-2.2.3.Final.jar;C:\Users\desarrollo\.m2\repository\com\fasterxml\classmate\1.5.1\classmate-1.5.1.jar;C:\Users\desarrollo\.m2\repository\org\dom4j\dom4j\2.1.3\dom4j-2.1.3.jar;C:\Users\desarrollo\.m2\repository\org\hibernate\common\hibernate-commons-annotations\5.1.2.Final\hibernate-commons-annotations-5.1.2.Final.jar;C:\Users\desarrollo\.m2\repository\org\glassfish\jaxb\jaxb-runtime\2.3.4\jaxb-runtime-2.3.4.jar;C:\Users\desarrollo\.m2\repository\org\glassfish\jaxb\txw2\2.3.4\txw2-2.3.4.jar;C:\Users\desarrollo\.m2\repository\com\sun\istack\istack-commons-runtime\3.0.12\istack-commons-runtime-3.0.12.jar;C:\Users\desarrollo\.m2\repository\com\sun\activation\jakarta.activation\1.2.2\jakarta.activation-1.2.2.jar;C:\Users\desarrollo\.m2\repository\org\springframework\data\spring-data-jpa\2.5.2\spring-data-jpa-2.5.2.jar;C:\Users\desarrollo\.m
Launcher Type: SUN_STANDARD

Environment Variables:
JAVA_HOME=C:\Program Files\Java\jdk1.8.0_291
PATH=C:\WINDOWS\system32;C:\WINDOWS;C:\WINDOWS\System32\Wbem;C:\WINDOWS\System32\WindowsPowerShell\v1.0\;C:\WINDOWS\System32\OpenSSH\;C:\python2.7\;C:\Program Files\Java\jdk1.8.0_291\bin;C:\apache-maven-3.6.3\bin;C:\Program Files\Git\cmd;C:\OpenSSL-Win64\bin;C:\Users\desarrollo\AppData\Roaming\nvm;C:\Program Files\nodejs;C:\ProgramData\chocolatey\bin;C:\Users\desarrollo\AppData\Local\Microsoft\WindowsApps;C:\Users\desarrollo\AppData\Local\Programs\Microsoft VS Code\bin;C:\Program Files\JetBrains\WebStorm 2020.1.2\bin;;C:\Program Files\JetBrains\PyCharm Community Edition 2020.2\bin;;C:\Python27;C:\Program Files\JetBrains\IntelliJ IDEA Community Edition 2020.1.2\bin;;C:\Users\desarrollo\AppData\Roaming\nvm;C:\Program Files\nodejs
USERNAME=desarrollo
OS=Windows_NT
PROCESSOR_IDENTIFIER=Intel64 Family 6 Model 63 Stepping 0, GenuineIntel



---------------  S Y S T E M  ---------------

OS: Windows 10.0 , 64 bit Build 18362 (10.0.18362.1500)

CPU:total 8 (initial active 8) (8 cores per cpu, 1 threads per core) family 6 model 63 stepping 0, cmov, cx8, fxsr, mmx, sse, sse2, sse3, ssse3, sse4.1, sse4.2, popcnt, avx, avx2, aes, clmul, erms, lzcnt, tsc, tscinvbit, bmi1, bmi2

Memory: 4k page, physical 8388016k(871168k free), swap 13804672k(4160k free)

vm_info: Java HotSpot(TM) 64-Bit Server VM (25.291-b10) for windows-amd64 JRE (1.8.0_291-b10), built on Apr  9 2021 00:02:00 by "java_re" with MS VC++ 15.9 (VS2017)

time: Thu Jan 13 16:47:36 2022
timezone: Hora estándar oeste, Sudamérica
elapsed time: 6.373375 seconds (0d 0h 0m 6s)

